{"C:\\Users\\Sarah\\Documents\\Sarah Digital\\ProyectoIntegrador\\grupo-07\\Front-end\\src\\Components\\Administration\\Carousel.jsx": {"path":"C:\\Users\\Sarah\\Documents\\Sarah Digital\\ProyectoIntegrador\\grupo-07\\Front-end\\src\\Components\\Administration\\Carousel.jsx","statementMap":{"0":{"start":{"line":10,"column":34},"end":{"line":10,"column":48}},"1":{"start":{"line":14,"column":24},"end":{"line":28,"column":3}},"2":{"start":{"line":15,"column":25},"end":{"line":18,"column":5}},"3":{"start":{"line":20,"column":4},"end":{"line":26,"column":51}},"4":{"start":{"line":21,"column":24},"end":{"line":21,"column":39}},"5":{"start":{"line":23,"column":8},"end":{"line":23,"column":28}},"6":{"start":{"line":26,"column":22},"end":{"line":26,"column":49}},"7":{"start":{"line":29,"column":2},"end":{"line":31,"column":9}},"8":{"start":{"line":30,"column":4},"end":{"line":30,"column":20}},"9":{"start":{"line":34,"column":36},"end":{"line":34,"column":50}},"10":{"start":{"line":36,"column":28},"end":{"line":36,"column":55}},"11":{"start":{"line":38,"column":23},"end":{"line":38,"column":56}},"12":{"start":{"line":38,"column":29},"end":{"line":38,"column":56}},"13":{"start":{"line":40,"column":2},"end":{"line":43,"column":9}},"14":{"start":{"line":41,"column":4},"end":{"line":41,"column":52}},"15":{"start":{"line":42,"column":4},"end":{"line":42,"column":67}},"16":{"start":{"line":42,"column":17},"end":{"line":42,"column":67}},"17":{"start":{"line":46,"column":25},"end":{"line":56,"column":3}},"18":{"start":{"line":58,"column":2},"end":{"line":83,"column":3}},"19":{"start":{"line":61,"column":29},"end":{"line":61,"column":50}},"20":{"start":{"line":64,"column":29},"end":{"line":64,"column":50}},"21":{"start":{"line":72,"column":10},"end":{"line":78,"column":16}}},"fnMap":{"0":{"name":"Carousel","decl":{"start":{"line":9,"column":24},"end":{"line":9,"column":32}},"loc":{"start":{"line":9,"column":35},"end":{"line":84,"column":1}},"line":9},"1":{"name":"(anonymous_1)","decl":{"start":{"line":14,"column":24},"end":{"line":14,"column":25}},"loc":{"start":{"line":14,"column":28},"end":{"line":28,"column":3}},"line":14},"2":{"name":"(anonymous_2)","decl":{"start":{"line":21,"column":12},"end":{"line":21,"column":13}},"loc":{"start":{"line":21,"column":24},"end":{"line":21,"column":39}},"line":21},"3":{"name":"(anonymous_3)","decl":{"start":{"line":22,"column":12},"end":{"line":22,"column":13}},"loc":{"start":{"line":22,"column":22},"end":{"line":25,"column":7}},"line":22},"4":{"name":"(anonymous_4)","decl":{"start":{"line":26,"column":13},"end":{"line":26,"column":14}},"loc":{"start":{"line":26,"column":22},"end":{"line":26,"column":49}},"line":26},"5":{"name":"(anonymous_5)","decl":{"start":{"line":29,"column":12},"end":{"line":29,"column":13}},"loc":{"start":{"line":29,"column":18},"end":{"line":31,"column":3}},"line":29},"6":{"name":"(anonymous_6)","decl":{"start":{"line":38,"column":23},"end":{"line":38,"column":24}},"loc":{"start":{"line":38,"column":29},"end":{"line":38,"column":56}},"line":38},"7":{"name":"(anonymous_7)","decl":{"start":{"line":40,"column":12},"end":{"line":40,"column":13}},"loc":{"start":{"line":40,"column":18},"end":{"line":43,"column":3}},"line":40},"8":{"name":"(anonymous_8)","decl":{"start":{"line":42,"column":11},"end":{"line":42,"column":12}},"loc":{"start":{"line":42,"column":17},"end":{"line":42,"column":67}},"line":42},"9":{"name":"(anonymous_9)","decl":{"start":{"line":61,"column":23},"end":{"line":61,"column":24}},"loc":{"start":{"line":61,"column":29},"end":{"line":61,"column":50}},"line":61},"10":{"name":"(anonymous_10)","decl":{"start":{"line":64,"column":23},"end":{"line":64,"column":24}},"loc":{"start":{"line":64,"column":29},"end":{"line":64,"column":50}},"line":64},"11":{"name":"(anonymous_11)","decl":{"start":{"line":71,"column":22},"end":{"line":71,"column":23}},"loc":{"start":{"line":72,"column":10},"end":{"line":78,"column":16}},"line":72}},"branchMap":{"0":{"loc":{"start":{"line":51,"column":18},"end":{"line":51,"column":34}},"type":"cond-expr","locations":[{"start":{"line":51,"column":30},"end":{"line":51,"column":31}},{"start":{"line":51,"column":33},"end":{"line":51,"column":34}}],"line":51},"1":{"loc":{"start":{"line":68,"column":3},"end":{"line":81,"column":3}},"type":"binary-expr","locations":[{"start":{"line":68,"column":3},"end":{"line":68,"column":20}},{"start":{"line":69,"column":6},"end":{"line":80,"column":15}}],"line":68}},"s":{"0":0,"1":0,"2":0,"3":0,"4":0,"5":0,"6":0,"7":0,"8":0,"9":0,"10":0,"11":0,"12":0,"13":0,"14":0,"15":0,"16":0,"17":0,"18":0,"19":0,"20":0,"21":0},"f":{"0":0,"1":0,"2":0,"3":0,"4":0,"5":0,"6":0,"7":0,"8":0,"9":0,"10":0,"11":0},"b":{"0":[0,0],"1":[0,0]}}
,"C:\\Users\\Sarah\\Documents\\Sarah Digital\\ProyectoIntegrador\\grupo-07\\Front-end\\src\\Components\\Administration\\FeaturesAdmin.jsx": {"path":"C:\\Users\\Sarah\\Documents\\Sarah Digital\\ProyectoIntegrador\\grupo-07\\Front-end\\src\\Components\\Administration\\FeaturesAdmin.jsx","statementMap":{"0":{"start":{"line":25,"column":2},"end":{"line":25,"column":56}},"1":{"start":{"line":26,"column":0},"end":{"line":26,"column":36}},"2":{"start":{"line":29,"column":4},"end":{"line":243,"column":8}},"3":{"start":{"line":34,"column":16},"end":{"line":239,"column":23}},"4":{"start":{"line":36,"column":20},"end":{"line":43,"column":22}},"5":{"start":{"line":44,"column":20},"end":{"line":44,"column":26}},"6":{"start":{"line":47,"column":20},"end":{"line":55,"column":22}},"7":{"start":{"line":56,"column":20},"end":{"line":56,"column":26}},"8":{"start":{"line":58,"column":20},"end":{"line":65,"column":22}},"9":{"start":{"line":66,"column":20},"end":{"line":66,"column":26}},"10":{"start":{"line":68,"column":20},"end":{"line":75,"column":22}},"11":{"start":{"line":76,"column":20},"end":{"line":76,"column":26}},"12":{"start":{"line":78,"column":20},"end":{"line":85,"column":22}},"13":{"start":{"line":86,"column":20},"end":{"line":86,"column":26}},"14":{"start":{"line":88,"column":20},"end":{"line":95,"column":22}},"15":{"start":{"line":96,"column":20},"end":{"line":96,"column":26}},"16":{"start":{"line":98,"column":20},"end":{"line":105,"column":22}},"17":{"start":{"line":106,"column":20},"end":{"line":106,"column":26}},"18":{"start":{"line":108,"column":20},"end":{"line":115,"column":22}},"19":{"start":{"line":116,"column":20},"end":{"line":116,"column":26}},"20":{"start":{"line":118,"column":20},"end":{"line":125,"column":22}},"21":{"start":{"line":126,"column":20},"end":{"line":126,"column":26}},"22":{"start":{"line":128,"column":20},"end":{"line":135,"column":22}},"23":{"start":{"line":136,"column":20},"end":{"line":136,"column":26}},"24":{"start":{"line":138,"column":20},"end":{"line":145,"column":22}},"25":{"start":{"line":146,"column":20},"end":{"line":146,"column":26}},"26":{"start":{"line":148,"column":20},"end":{"line":155,"column":22}},"27":{"start":{"line":156,"column":20},"end":{"line":156,"column":26}},"28":{"start":{"line":158,"column":20},"end":{"line":165,"column":22}},"29":{"start":{"line":166,"column":20},"end":{"line":166,"column":26}},"30":{"start":{"line":168,"column":20},"end":{"line":175,"column":22}},"31":{"start":{"line":176,"column":20},"end":{"line":176,"column":26}},"32":{"start":{"line":178,"column":20},"end":{"line":185,"column":22}},"33":{"start":{"line":187,"column":20},"end":{"line":187,"column":26}},"34":{"start":{"line":189,"column":20},"end":{"line":196,"column":22}},"35":{"start":{"line":197,"column":20},"end":{"line":197,"column":26}},"36":{"start":{"line":199,"column":20},"end":{"line":207,"column":22}},"37":{"start":{"line":208,"column":20},"end":{"line":208,"column":26}},"38":{"start":{"line":210,"column":20},"end":{"line":217,"column":22}},"39":{"start":{"line":218,"column":20},"end":{"line":218,"column":26}},"40":{"start":{"line":220,"column":20},"end":{"line":227,"column":22}},"41":{"start":{"line":228,"column":20},"end":{"line":228,"column":26}},"42":{"start":{"line":230,"column":20},"end":{"line":238,"column":22}},"43":{"start":{"line":239,"column":13},"end":{"line":239,"column":19}}},"fnMap":{"0":{"name":"FeaturesAdmin","decl":{"start":{"line":24,"column":24},"end":{"line":24,"column":37}},"loc":{"start":{"line":24,"column":45},"end":{"line":244,"column":5}},"line":24},"1":{"name":"(anonymous_1)","decl":{"start":{"line":33,"column":15},"end":{"line":33,"column":16}},"loc":{"start":{"line":33,"column":26},"end":{"line":240,"column":15}},"line":33}},"branchMap":{"0":{"loc":{"start":{"line":25,"column":2},"end":{"line":25,"column":55}},"type":"binary-expr","locations":[{"start":{"line":25,"column":2},"end":{"line":25,"column":27}},{"start":{"line":25,"column":31},"end":{"line":25,"column":55}}],"line":25},"1":{"loc":{"start":{"line":32,"column":13},"end":{"line":240,"column":16}},"type":"binary-expr","locations":[{"start":{"line":32,"column":13},"end":{"line":32,"column":38}},{"start":{"line":33,"column":15},"end":{"line":240,"column":15}}],"line":32},"2":{"loc":{"start":{"line":34,"column":16},"end":{"line":239,"column":23}},"type":"switch","locations":[{"start":{"line":35,"column":18},"end":{"line":44,"column":26}},{"start":{"line":46,"column":18},"end":{"line":56,"column":26}},{"start":{"line":57,"column":18},"end":{"line":66,"column":26}},{"start":{"line":67,"column":18},"end":{"line":76,"column":26}},{"start":{"line":77,"column":18},"end":{"line":86,"column":26}},{"start":{"line":87,"column":18},"end":{"line":96,"column":26}},{"start":{"line":97,"column":18},"end":{"line":106,"column":26}},{"start":{"line":107,"column":18},"end":{"line":116,"column":26}},{"start":{"line":117,"column":18},"end":{"line":126,"column":26}},{"start":{"line":127,"column":18},"end":{"line":136,"column":26}},{"start":{"line":137,"column":18},"end":{"line":146,"column":26}},{"start":{"line":147,"column":18},"end":{"line":156,"column":26}},{"start":{"line":157,"column":18},"end":{"line":166,"column":26}},{"start":{"line":167,"column":18},"end":{"line":176,"column":26}},{"start":{"line":177,"column":18},"end":{"line":187,"column":26}},{"start":{"line":188,"column":18},"end":{"line":197,"column":26}},{"start":{"line":198,"column":18},"end":{"line":208,"column":26}},{"start":{"line":209,"column":18},"end":{"line":218,"column":26}},{"start":{"line":219,"column":18},"end":{"line":228,"column":26}},{"start":{"line":229,"column":18},"end":{"line":239,"column":19}}],"line":34}},"s":{"0":0,"1":0,"2":0,"3":0,"4":0,"5":0,"6":0,"7":0,"8":0,"9":0,"10":0,"11":0,"12":0,"13":0,"14":0,"15":0,"16":0,"17":0,"18":0,"19":0,"20":0,"21":0,"22":0,"23":0,"24":0,"25":0,"26":0,"27":0,"28":0,"29":0,"30":0,"31":0,"32":0,"33":0,"34":0,"35":0,"36":0,"37":0,"38":0,"39":0,"40":0,"41":0,"42":0,"43":0},"f":{"0":0,"1":0},"b":{"0":[0,0],"1":[0,0],"2":[0,0,0,0,0,0,0,0,0,0,0,0,0,0,0,0,0,0,0,0]}}
,"C:\\Users\\Sarah\\Documents\\Sarah Digital\\ProyectoIntegrador\\grupo-07\\Front-end\\src\\Components\\Administration\\FirstForm.jsx": {"path":"C:\\Users\\Sarah\\Documents\\Sarah Digital\\ProyectoIntegrador\\grupo-07\\Front-end\\src\\Components\\Administration\\FirstForm.jsx","statementMap":{"0":{"start":{"line":6,"column":26},"end":{"line":6,"column":62}},"1":{"start":{"line":7,"column":34},"end":{"line":7,"column":70}},"2":{"start":{"line":8,"column":30},"end":{"line":8,"column":66}},"3":{"start":{"line":9,"column":26},"end":{"line":9,"column":62}},"4":{"start":{"line":10,"column":32},"end":{"line":10,"column":68}},"5":{"start":{"line":11,"column":28},"end":{"line":11,"column":64}},"6":{"start":{"line":12,"column":34},"end":{"line":12,"column":70}},"7":{"start":{"line":13,"column":36},"end":{"line":13,"column":72}},"8":{"start":{"line":14,"column":40},"end":{"line":14,"column":76}},"9":{"start":{"line":15,"column":14},"end":{"line":15,"column":27}},"10":{"start":{"line":17,"column":23},"end":{"line":54,"column":3}},"11":{"start":{"line":18,"column":4},"end":{"line":18,"column":23}},"12":{"start":{"line":19,"column":26},"end":{"line":29,"column":5}},"13":{"start":{"line":31,"column":4},"end":{"line":53,"column":5}},"14":{"start":{"line":32,"column":6},"end":{"line":36,"column":8}},"15":{"start":{"line":38,"column":6},"end":{"line":38,"column":42}},"16":{"start":{"line":39,"column":6},"end":{"line":39,"column":46}},"17":{"start":{"line":40,"column":6},"end":{"line":40,"column":44}},"18":{"start":{"line":41,"column":6},"end":{"line":41,"column":42}},"19":{"start":{"line":42,"column":6},"end":{"line":42,"column":45}},"20":{"start":{"line":43,"column":6},"end":{"line":43,"column":43}},"21":{"start":{"line":44,"column":6},"end":{"line":44,"column":47}},"22":{"start":{"line":45,"column":6},"end":{"line":45,"column":46}},"23":{"start":{"line":46,"column":6},"end":{"line":46,"column":49}},"24":{"start":{"line":48,"column":6},"end":{"line":52,"column":9}},"25":{"start":{"line":56,"column":23},"end":{"line":57,"column":52}},"26":{"start":{"line":57,"column":4},"end":{"line":57,"column":52}},"27":{"start":{"line":58,"column":27},"end":{"line":59,"column":60}},"28":{"start":{"line":59,"column":4},"end":{"line":59,"column":60}},"29":{"start":{"line":60,"column":25},"end":{"line":61,"column":56}},"30":{"start":{"line":61,"column":4},"end":{"line":61,"column":56}},"31":{"start":{"line":62,"column":23},"end":{"line":63,"column":52}},"32":{"start":{"line":63,"column":4},"end":{"line":63,"column":52}},"33":{"start":{"line":64,"column":26},"end":{"line":65,"column":58}},"34":{"start":{"line":65,"column":4},"end":{"line":65,"column":58}},"35":{"start":{"line":66,"column":24},"end":{"line":67,"column":54}},"36":{"start":{"line":67,"column":4},"end":{"line":67,"column":54}},"37":{"start":{"line":68,"column":27},"end":{"line":69,"column":60}},"38":{"start":{"line":69,"column":4},"end":{"line":69,"column":60}},"39":{"start":{"line":70,"column":28},"end":{"line":71,"column":62}},"40":{"start":{"line":71,"column":4},"end":{"line":71,"column":62}},"41":{"start":{"line":72,"column":30},"end":{"line":73,"column":66}},"42":{"start":{"line":73,"column":4},"end":{"line":73,"column":66}},"43":{"start":{"line":76,"column":22},"end":{"line":86,"column":3}},"44":{"start":{"line":88,"column":24},"end":{"line":94,"column":3}},"45":{"start":{"line":89,"column":4},"end":{"line":93,"column":5}},"46":{"start":{"line":90,"column":6},"end":{"line":90,"column":41}},"47":{"start":{"line":92,"column":6},"end":{"line":92,"column":40}},"48":{"start":{"line":96,"column":28},"end":{"line":102,"column":3}},"49":{"start":{"line":97,"column":4},"end":{"line":101,"column":5}},"50":{"start":{"line":98,"column":6},"end":{"line":98,"column":49}},"51":{"start":{"line":100,"column":6},"end":{"line":100,"column":48}},"52":{"start":{"line":104,"column":26},"end":{"line":110,"column":3}},"53":{"start":{"line":105,"column":4},"end":{"line":109,"column":5}},"54":{"start":{"line":106,"column":6},"end":{"line":106,"column":45}},"55":{"start":{"line":108,"column":6},"end":{"line":108,"column":44}},"56":{"start":{"line":111,"column":24},"end":{"line":117,"column":3}},"57":{"start":{"line":112,"column":4},"end":{"line":116,"column":5}},"58":{"start":{"line":113,"column":6},"end":{"line":113,"column":41}},"59":{"start":{"line":115,"column":6},"end":{"line":115,"column":40}},"60":{"start":{"line":118,"column":27},"end":{"line":124,"column":3}},"61":{"start":{"line":119,"column":4},"end":{"line":123,"column":5}},"62":{"start":{"line":120,"column":6},"end":{"line":120,"column":47}},"63":{"start":{"line":122,"column":6},"end":{"line":122,"column":46}},"64":{"start":{"line":125,"column":25},"end":{"line":131,"column":3}},"65":{"start":{"line":126,"column":4},"end":{"line":130,"column":5}},"66":{"start":{"line":127,"column":6},"end":{"line":127,"column":43}},"67":{"start":{"line":129,"column":6},"end":{"line":129,"column":42}},"68":{"start":{"line":132,"column":29},"end":{"line":138,"column":3}},"69":{"start":{"line":133,"column":4},"end":{"line":137,"column":5}},"70":{"start":{"line":134,"column":6},"end":{"line":134,"column":51}},"71":{"start":{"line":136,"column":6},"end":{"line":136,"column":50}},"72":{"start":{"line":139,"column":28},"end":{"line":145,"column":3}},"73":{"start":{"line":140,"column":4},"end":{"line":144,"column":5}},"74":{"start":{"line":141,"column":6},"end":{"line":141,"column":49}},"75":{"start":{"line":143,"column":6},"end":{"line":143,"column":48}},"76":{"start":{"line":146,"column":31},"end":{"line":152,"column":3}},"77":{"start":{"line":147,"column":4},"end":{"line":151,"column":5}},"78":{"start":{"line":148,"column":6},"end":{"line":148,"column":55}},"79":{"start":{"line":150,"column":6},"end":{"line":150,"column":54}},"80":{"start":{"line":154,"column":23},"end":{"line":175,"column":3}},"81":{"start":{"line":155,"column":4},"end":{"line":174,"column":5}},"82":{"start":{"line":171,"column":6},"end":{"line":171,"column":19}},"83":{"start":{"line":173,"column":6},"end":{"line":173,"column":18}},"84":{"start":{"line":177,"column":2},"end":{"line":382,"column":4}}},"fnMap":{"0":{"name":"FirstForm","decl":{"start":{"line":5,"column":24},"end":{"line":5,"column":33}},"loc":{"start":{"line":5,"column":36},"end":{"line":383,"column":1}},"line":5},"1":{"name":"(anonymous_1)","decl":{"start":{"line":17,"column":23},"end":{"line":17,"column":24}},"loc":{"start":{"line":17,"column":30},"end":{"line":54,"column":3}},"line":17},"2":{"name":"(anonymous_2)","decl":{"start":{"line":56,"column":23},"end":{"line":56,"column":24}},"loc":{"start":{"line":57,"column":4},"end":{"line":57,"column":52}},"line":57},"3":{"name":"(anonymous_3)","decl":{"start":{"line":58,"column":27},"end":{"line":58,"column":28}},"loc":{"start":{"line":59,"column":4},"end":{"line":59,"column":60}},"line":59},"4":{"name":"(anonymous_4)","decl":{"start":{"line":60,"column":25},"end":{"line":60,"column":26}},"loc":{"start":{"line":61,"column":4},"end":{"line":61,"column":56}},"line":61},"5":{"name":"(anonymous_5)","decl":{"start":{"line":62,"column":23},"end":{"line":62,"column":24}},"loc":{"start":{"line":63,"column":4},"end":{"line":63,"column":52}},"line":63},"6":{"name":"(anonymous_6)","decl":{"start":{"line":64,"column":26},"end":{"line":64,"column":27}},"loc":{"start":{"line":65,"column":4},"end":{"line":65,"column":58}},"line":65},"7":{"name":"(anonymous_7)","decl":{"start":{"line":66,"column":24},"end":{"line":66,"column":25}},"loc":{"start":{"line":67,"column":4},"end":{"line":67,"column":54}},"line":67},"8":{"name":"(anonymous_8)","decl":{"start":{"line":68,"column":27},"end":{"line":68,"column":28}},"loc":{"start":{"line":69,"column":4},"end":{"line":69,"column":60}},"line":69},"9":{"name":"(anonymous_9)","decl":{"start":{"line":70,"column":28},"end":{"line":70,"column":29}},"loc":{"start":{"line":71,"column":4},"end":{"line":71,"column":62}},"line":71},"10":{"name":"(anonymous_10)","decl":{"start":{"line":72,"column":30},"end":{"line":72,"column":31}},"loc":{"start":{"line":73,"column":4},"end":{"line":73,"column":66}},"line":73},"11":{"name":"(anonymous_11)","decl":{"start":{"line":88,"column":24},"end":{"line":88,"column":25}},"loc":{"start":{"line":88,"column":30},"end":{"line":94,"column":3}},"line":88},"12":{"name":"(anonymous_12)","decl":{"start":{"line":96,"column":28},"end":{"line":96,"column":29}},"loc":{"start":{"line":96,"column":34},"end":{"line":102,"column":3}},"line":96},"13":{"name":"(anonymous_13)","decl":{"start":{"line":104,"column":26},"end":{"line":104,"column":27}},"loc":{"start":{"line":104,"column":32},"end":{"line":110,"column":3}},"line":104},"14":{"name":"(anonymous_14)","decl":{"start":{"line":111,"column":24},"end":{"line":111,"column":25}},"loc":{"start":{"line":111,"column":30},"end":{"line":117,"column":3}},"line":111},"15":{"name":"(anonymous_15)","decl":{"start":{"line":118,"column":27},"end":{"line":118,"column":28}},"loc":{"start":{"line":118,"column":33},"end":{"line":124,"column":3}},"line":118},"16":{"name":"(anonymous_16)","decl":{"start":{"line":125,"column":25},"end":{"line":125,"column":26}},"loc":{"start":{"line":125,"column":31},"end":{"line":131,"column":3}},"line":125},"17":{"name":"(anonymous_17)","decl":{"start":{"line":132,"column":29},"end":{"line":132,"column":30}},"loc":{"start":{"line":132,"column":35},"end":{"line":138,"column":3}},"line":132},"18":{"name":"(anonymous_18)","decl":{"start":{"line":139,"column":28},"end":{"line":139,"column":29}},"loc":{"start":{"line":139,"column":34},"end":{"line":145,"column":3}},"line":139},"19":{"name":"(anonymous_19)","decl":{"start":{"line":146,"column":31},"end":{"line":146,"column":32}},"loc":{"start":{"line":146,"column":37},"end":{"line":152,"column":3}},"line":146},"20":{"name":"(anonymous_20)","decl":{"start":{"line":154,"column":23},"end":{"line":154,"column":24}},"loc":{"start":{"line":154,"column":29},"end":{"line":175,"column":3}},"line":154}},"branchMap":{"0":{"loc":{"start":{"line":31,"column":4},"end":{"line":53,"column":5}},"type":"if","locations":[{"start":{"line":31,"column":4},"end":{"line":53,"column":5}},{"start":{"line":47,"column":11},"end":{"line":53,"column":5}}],"line":31},"1":{"loc":{"start":{"line":89,"column":4},"end":{"line":93,"column":5}},"type":"if","locations":[{"start":{"line":89,"column":4},"end":{"line":93,"column":5}},{"start":{"line":91,"column":11},"end":{"line":93,"column":5}}],"line":89},"2":{"loc":{"start":{"line":97,"column":4},"end":{"line":101,"column":5}},"type":"if","locations":[{"start":{"line":97,"column":4},"end":{"line":101,"column":5}},{"start":{"line":99,"column":11},"end":{"line":101,"column":5}}],"line":97},"3":{"loc":{"start":{"line":105,"column":4},"end":{"line":109,"column":5}},"type":"if","locations":[{"start":{"line":105,"column":4},"end":{"line":109,"column":5}},{"start":{"line":107,"column":11},"end":{"line":109,"column":5}}],"line":105},"4":{"loc":{"start":{"line":112,"column":4},"end":{"line":116,"column":5}},"type":"if","locations":[{"start":{"line":112,"column":4},"end":{"line":116,"column":5}},{"start":{"line":114,"column":11},"end":{"line":116,"column":5}}],"line":112},"5":{"loc":{"start":{"line":119,"column":4},"end":{"line":123,"column":5}},"type":"if","locations":[{"start":{"line":119,"column":4},"end":{"line":123,"column":5}},{"start":{"line":121,"column":11},"end":{"line":123,"column":5}}],"line":119},"6":{"loc":{"start":{"line":126,"column":4},"end":{"line":130,"column":5}},"type":"if","locations":[{"start":{"line":126,"column":4},"end":{"line":130,"column":5}},{"start":{"line":128,"column":11},"end":{"line":130,"column":5}}],"line":126},"7":{"loc":{"start":{"line":133,"column":4},"end":{"line":137,"column":5}},"type":"if","locations":[{"start":{"line":133,"column":4},"end":{"line":137,"column":5}},{"start":{"line":135,"column":11},"end":{"line":137,"column":5}}],"line":133},"8":{"loc":{"start":{"line":140,"column":4},"end":{"line":144,"column":5}},"type":"if","locations":[{"start":{"line":140,"column":4},"end":{"line":144,"column":5}},{"start":{"line":142,"column":11},"end":{"line":144,"column":5}}],"line":140},"9":{"loc":{"start":{"line":147,"column":4},"end":{"line":151,"column":5}},"type":"if","locations":[{"start":{"line":147,"column":4},"end":{"line":151,"column":5}},{"start":{"line":149,"column":11},"end":{"line":151,"column":5}}],"line":147},"10":{"loc":{"start":{"line":155,"column":4},"end":{"line":174,"column":5}},"type":"if","locations":[{"start":{"line":155,"column":4},"end":{"line":174,"column":5}},{"start":{"line":172,"column":11},"end":{"line":174,"column":5}}],"line":155},"11":{"loc":{"start":{"line":156,"column":6},"end":{"line":169,"column":32}},"type":"binary-expr","locations":[{"start":{"line":156,"column":6},"end":{"line":156,"column":23}},{"start":{"line":157,"column":6},"end":{"line":157,"column":25}},{"start":{"line":158,"column":6},"end":{"line":158,"column":27}},{"start":{"line":159,"column":6},"end":{"line":159,"column":29}},{"start":{"line":160,"column":6},"end":{"line":160,"column":25}},{"start":{"line":161,"column":6},"end":{"line":161,"column":27}},{"start":{"line":162,"column":6},"end":{"line":162,"column":23}},{"start":{"line":163,"column":6},"end":{"line":163,"column":25}},{"start":{"line":164,"column":6},"end":{"line":164,"column":26}},{"start":{"line":165,"column":6},"end":{"line":165,"column":28}},{"start":{"line":166,"column":6},"end":{"line":166,"column":24}},{"start":{"line":167,"column":6},"end":{"line":167,"column":26}},{"start":{"line":168,"column":6},"end":{"line":168,"column":30}},{"start":{"line":169,"column":6},"end":{"line":169,"column":32}}],"line":156},"12":{"loc":{"start":{"line":185,"column":21},"end":{"line":185,"column":73}},"type":"cond-expr","locations":[{"start":{"line":185,"column":43},"end":{"line":185,"column":60}},{"start":{"line":185,"column":63},"end":{"line":185,"column":73}}],"line":185},"13":{"loc":{"start":{"line":194,"column":9},"end":{"line":198,"column":9}},"type":"cond-expr","locations":[{"start":{"line":195,"column":10},"end":{"line":195,"column":62}},{"start":{"line":197,"column":10},"end":{"line":197,"column":12}}],"line":194},"14":{"loc":{"start":{"line":206,"column":21},"end":{"line":206,"column":77}},"type":"cond-expr","locations":[{"start":{"line":206,"column":47},"end":{"line":206,"column":64}},{"start":{"line":206,"column":67},"end":{"line":206,"column":77}}],"line":206},"15":{"loc":{"start":{"line":216,"column":9},"end":{"line":220,"column":9}},"type":"cond-expr","locations":[{"start":{"line":217,"column":10},"end":{"line":217,"column":61}},{"start":{"line":219,"column":10},"end":{"line":219,"column":12}}],"line":216},"16":{"loc":{"start":{"line":228,"column":21},"end":{"line":228,"column":75}},"type":"cond-expr","locations":[{"start":{"line":228,"column":45},"end":{"line":228,"column":62}},{"start":{"line":228,"column":65},"end":{"line":228,"column":75}}],"line":228},"17":{"loc":{"start":{"line":237,"column":9},"end":{"line":241,"column":9}},"type":"cond-expr","locations":[{"start":{"line":238,"column":10},"end":{"line":238,"column":60}},{"start":{"line":240,"column":10},"end":{"line":240,"column":12}}],"line":237},"18":{"loc":{"start":{"line":248,"column":21},"end":{"line":248,"column":76}},"type":"cond-expr","locations":[{"start":{"line":248,"column":46},"end":{"line":248,"column":63}},{"start":{"line":248,"column":66},"end":{"line":248,"column":76}}],"line":248},"19":{"loc":{"start":{"line":260,"column":9},"end":{"line":264,"column":9}},"type":"cond-expr","locations":[{"start":{"line":261,"column":10},"end":{"line":261,"column":60}},{"start":{"line":263,"column":10},"end":{"line":263,"column":12}}],"line":260},"20":{"loc":{"start":{"line":271,"column":21},"end":{"line":271,"column":74}},"type":"cond-expr","locations":[{"start":{"line":271,"column":44},"end":{"line":271,"column":61}},{"start":{"line":271,"column":64},"end":{"line":271,"column":74}}],"line":271},"21":{"loc":{"start":{"line":283,"column":9},"end":{"line":287,"column":9}},"type":"cond-expr","locations":[{"start":{"line":284,"column":10},"end":{"line":284,"column":60}},{"start":{"line":286,"column":10},"end":{"line":286,"column":12}}],"line":283},"22":{"loc":{"start":{"line":294,"column":21},"end":{"line":294,"column":73}},"type":"cond-expr","locations":[{"start":{"line":294,"column":43},"end":{"line":294,"column":60}},{"start":{"line":294,"column":63},"end":{"line":294,"column":73}}],"line":294},"23":{"loc":{"start":{"line":306,"column":9},"end":{"line":310,"column":9}},"type":"cond-expr","locations":[{"start":{"line":307,"column":10},"end":{"line":307,"column":71}},{"start":{"line":309,"column":10},"end":{"line":309,"column":12}}],"line":306},"24":{"loc":{"start":{"line":318,"column":21},"end":{"line":318,"column":78}},"type":"cond-expr","locations":[{"start":{"line":318,"column":48},"end":{"line":318,"column":65}},{"start":{"line":318,"column":68},"end":{"line":318,"column":78}}],"line":318},"25":{"loc":{"start":{"line":330,"column":9},"end":{"line":334,"column":9}},"type":"cond-expr","locations":[{"start":{"line":331,"column":10},"end":{"line":331,"column":76}},{"start":{"line":333,"column":10},"end":{"line":333,"column":12}}],"line":330},"26":{"loc":{"start":{"line":341,"column":21},"end":{"line":341,"column":77}},"type":"cond-expr","locations":[{"start":{"line":341,"column":47},"end":{"line":341,"column":64}},{"start":{"line":341,"column":67},"end":{"line":341,"column":77}}],"line":341},"27":{"loc":{"start":{"line":353,"column":9},"end":{"line":357,"column":9}},"type":"cond-expr","locations":[{"start":{"line":354,"column":10},"end":{"line":354,"column":75}},{"start":{"line":356,"column":10},"end":{"line":356,"column":12}}],"line":353},"28":{"loc":{"start":{"line":364,"column":12},"end":{"line":366,"column":35}},"type":"cond-expr","locations":[{"start":{"line":365,"column":16},"end":{"line":365,"column":42}},{"start":{"line":366,"column":16},"end":{"line":366,"column":35}}],"line":364},"29":{"loc":{"start":{"line":375,"column":9},"end":{"line":379,"column":9}},"type":"cond-expr","locations":[{"start":{"line":376,"column":10},"end":{"line":376,"column":78}},{"start":{"line":378,"column":10},"end":{"line":378,"column":12}}],"line":375}},"s":{"0":0,"1":0,"2":0,"3":0,"4":0,"5":0,"6":0,"7":0,"8":0,"9":0,"10":0,"11":0,"12":0,"13":0,"14":0,"15":0,"16":0,"17":0,"18":0,"19":0,"20":0,"21":0,"22":0,"23":0,"24":0,"25":0,"26":0,"27":0,"28":0,"29":0,"30":0,"31":0,"32":0,"33":0,"34":0,"35":0,"36":0,"37":0,"38":0,"39":0,"40":0,"41":0,"42":0,"43":0,"44":0,"45":0,"46":0,"47":0,"48":0,"49":0,"50":0,"51":0,"52":0,"53":0,"54":0,"55":0,"56":0,"57":0,"58":0,"59":0,"60":0,"61":0,"62":0,"63":0,"64":0,"65":0,"66":0,"67":0,"68":0,"69":0,"70":0,"71":0,"72":0,"73":0,"74":0,"75":0,"76":0,"77":0,"78":0,"79":0,"80":0,"81":0,"82":0,"83":0,"84":0},"f":{"0":0,"1":0,"2":0,"3":0,"4":0,"5":0,"6":0,"7":0,"8":0,"9":0,"10":0,"11":0,"12":0,"13":0,"14":0,"15":0,"16":0,"17":0,"18":0,"19":0,"20":0},"b":{"0":[0,0],"1":[0,0],"2":[0,0],"3":[0,0],"4":[0,0],"5":[0,0],"6":[0,0],"7":[0,0],"8":[0,0],"9":[0,0],"10":[0,0],"11":[0,0,0,0,0,0,0,0,0,0,0,0,0,0],"12":[0,0],"13":[0,0],"14":[0,0],"15":[0,0],"16":[0,0],"17":[0,0],"18":[0,0],"19":[0,0],"20":[0,0],"21":[0,0],"22":[0,0],"23":[0,0],"24":[0,0],"25":[0,0],"26":[0,0],"27":[0,0],"28":[0,0],"29":[0,0]}}
,"C:\\Users\\Sarah\\Documents\\Sarah Digital\\ProyectoIntegrador\\grupo-07\\Front-end\\src\\Components\\Administration\\FormImg.jsx": {"path":"C:\\Users\\Sarah\\Documents\\Sarah Digital\\ProyectoIntegrador\\grupo-07\\Front-end\\src\\Components\\Administration\\FormImg.jsx","statementMap":{"0":{"start":{"line":4,"column":30},"end":{"line":4,"column":35}},"1":{"start":{"line":5,"column":30},"end":{"line":5,"column":35}},"2":{"start":{"line":6,"column":42},"end":{"line":6,"column":54}},"3":{"start":{"line":9,"column":25},"end":{"line":21,"column":5}},"4":{"start":{"line":10,"column":6},"end":{"line":10,"column":25}},"5":{"start":{"line":13,"column":6},"end":{"line":18,"column":9}},"6":{"start":{"line":20,"column":6},"end":{"line":20,"column":25}},"7":{"start":{"line":23,"column":4},"end":{"line":51,"column":6}},"8":{"start":{"line":34,"column":29},"end":{"line":34,"column":59}}},"fnMap":{"0":{"name":"FormImg","decl":{"start":{"line":3,"column":9},"end":{"line":3,"column":16}},"loc":{"start":{"line":3,"column":24},"end":{"line":52,"column":3}},"line":3},"1":{"name":"(anonymous_1)","decl":{"start":{"line":9,"column":25},"end":{"line":9,"column":26}},"loc":{"start":{"line":9,"column":30},"end":{"line":21,"column":5}},"line":9},"2":{"name":"(anonymous_2)","decl":{"start":{"line":34,"column":24},"end":{"line":34,"column":25}},"loc":{"start":{"line":34,"column":29},"end":{"line":34,"column":59}},"line":34}},"branchMap":{"0":{"loc":{"start":{"line":28,"column":11},"end":{"line":45,"column":79}},"type":"cond-expr","locations":[{"start":{"line":29,"column":12},"end":{"line":43,"column":15}},{"start":{"line":45,"column":13},"end":{"line":45,"column":79}}],"line":28},"1":{"loc":{"start":{"line":39,"column":24},"end":{"line":39,"column":53}},"type":"cond-expr","locations":[{"start":{"line":39,"column":38},"end":{"line":39,"column":40}},{"start":{"line":39,"column":43},"end":{"line":39,"column":53}}],"line":39}},"s":{"0":0,"1":0,"2":0,"3":0,"4":0,"5":0,"6":0,"7":0,"8":0},"f":{"0":0,"1":0,"2":0},"b":{"0":[0,0],"1":[0,0]}}
,"C:\\Users\\Sarah\\Documents\\Sarah Digital\\ProyectoIntegrador\\grupo-07\\Front-end\\src\\Components\\Administration\\ForthProduct.jsx": {"path":"C:\\Users\\Sarah\\Documents\\Sarah Digital\\ProyectoIntegrador\\grupo-07\\Front-end\\src\\Components\\Administration\\ForthProduct.jsx","statementMap":{"0":{"start":{"line":8,"column":28},"end":{"line":8,"column":40}},"1":{"start":{"line":9,"column":4},"end":{"line":9,"column":56}},"2":{"start":{"line":11,"column":26},"end":{"line":14,"column":7}},"3":{"start":{"line":12,"column":8},"end":{"line":12,"column":36}},"4":{"start":{"line":15,"column":2},"end":{"line":23,"column":3}}},"fnMap":{"0":{"name":"ForthProduct","decl":{"start":{"line":6,"column":24},"end":{"line":6,"column":36}},"loc":{"start":{"line":6,"column":39},"end":{"line":24,"column":1}},"line":6},"1":{"name":"(anonymous_1)","decl":{"start":{"line":11,"column":26},"end":{"line":11,"column":27}},"loc":{"start":{"line":11,"column":37},"end":{"line":14,"column":7}},"line":11}},"branchMap":{},"s":{"0":0,"1":0,"2":0,"3":0,"4":0},"f":{"0":0,"1":0},"b":{}}
,"C:\\Users\\Sarah\\Documents\\Sarah Digital\\ProyectoIntegrador\\grupo-07\\Front-end\\src\\Components\\Administration\\ProductAdmin.jsx": {"path":"C:\\Users\\Sarah\\Documents\\Sarah Digital\\ProyectoIntegrador\\grupo-07\\Front-end\\src\\Components\\Administration\\ProductAdmin.jsx","statementMap":{"0":{"start":{"line":12,"column":16},"end":{"line":12,"column":29}},"1":{"start":{"line":13,"column":26},"end":{"line":25,"column":9}},"2":{"start":{"line":14,"column":8},"end":{"line":14,"column":27}},"3":{"start":{"line":16,"column":10},"end":{"line":16,"column":76}},"4":{"start":{"line":17,"column":10},"end":{"line":17,"column":18}},"5":{"start":{"line":27,"column":2},"end":{"line":65,"column":3}}},"fnMap":{"0":{"name":"ProductAdmin","decl":{"start":{"line":11,"column":24},"end":{"line":11,"column":36}},"loc":{"start":{"line":11,"column":39},"end":{"line":66,"column":3}},"line":11},"1":{"name":"(anonymous_1)","decl":{"start":{"line":13,"column":26},"end":{"line":13,"column":27}},"loc":{"start":{"line":13,"column":29},"end":{"line":25,"column":9}},"line":13}},"branchMap":{},"s":{"0":0,"1":0,"2":0,"3":0,"4":0,"5":0},"f":{"0":0,"1":0},"b":{}}
,"C:\\Users\\Sarah\\Documents\\Sarah Digital\\ProyectoIntegrador\\grupo-07\\Front-end\\src\\Components\\Administration\\TaskImg.jsx": {"path":"C:\\Users\\Sarah\\Documents\\Sarah Digital\\ProyectoIntegrador\\grupo-07\\Front-end\\src\\Components\\Administration\\TaskImg.jsx","statementMap":{"0":{"start":{"line":7,"column":28},"end":{"line":7,"column":33}},"1":{"start":{"line":12,"column":25},"end":{"line":21,"column":3}},"2":{"start":{"line":13,"column":30},"end":{"line":13,"column":38}},"3":{"start":{"line":16,"column":23},"end":{"line":19,"column":7}},"4":{"start":{"line":16,"column":41},"end":{"line":19,"column":5}},"5":{"start":{"line":20,"column":4},"end":{"line":20,"column":24}},"6":{"start":{"line":24,"column":28},"end":{"line":27,"column":3}},"7":{"start":{"line":25,"column":23},"end":{"line":25,"column":54}},"8":{"start":{"line":25,"column":43},"end":{"line":25,"column":53}},"9":{"start":{"line":26,"column":4},"end":{"line":26,"column":24}},"10":{"start":{"line":30,"column":14},"end":{"line":32,"column":4}},"11":{"start":{"line":31,"column":4},"end":{"line":31,"column":68}},"12":{"start":{"line":33,"column":2},"end":{"line":46,"column":4}}},"fnMap":{"0":{"name":"TaskImg","decl":{"start":{"line":6,"column":24},"end":{"line":6,"column":31}},"loc":{"start":{"line":6,"column":39},"end":{"line":47,"column":1}},"line":6},"1":{"name":"(anonymous_1)","decl":{"start":{"line":12,"column":25},"end":{"line":12,"column":26}},"loc":{"start":{"line":12,"column":30},"end":{"line":21,"column":3}},"line":12},"2":{"name":"(anonymous_2)","decl":{"start":{"line":16,"column":32},"end":{"line":16,"column":33}},"loc":{"start":{"line":16,"column":41},"end":{"line":19,"column":5}},"line":16},"3":{"name":"(anonymous_3)","decl":{"start":{"line":24,"column":28},"end":{"line":24,"column":29}},"loc":{"start":{"line":24,"column":33},"end":{"line":27,"column":3}},"line":24},"4":{"name":"(anonymous_4)","decl":{"start":{"line":25,"column":35},"end":{"line":25,"column":36}},"loc":{"start":{"line":25,"column":43},"end":{"line":25,"column":53}},"line":25},"5":{"name":"(anonymous_5)","decl":{"start":{"line":30,"column":23},"end":{"line":30,"column":24}},"loc":{"start":{"line":31,"column":4},"end":{"line":31,"column":68}},"line":31}},"branchMap":{"0":{"loc":{"start":{"line":18,"column":12},"end":{"line":18,"column":50}},"type":"cond-expr","locations":[{"start":{"line":18,"column":31},"end":{"line":18,"column":38}},{"start":{"line":18,"column":41},"end":{"line":18,"column":50}}],"line":18},"1":{"loc":{"start":{"line":36,"column":7},"end":{"line":36,"column":85}},"type":"cond-expr","locations":[{"start":{"line":36,"column":21},"end":{"line":36,"column":24}},{"start":{"line":36,"column":27},"end":{"line":36,"column":85}}],"line":36},"2":{"loc":{"start":{"line":38,"column":7},"end":{"line":44,"column":14}},"type":"cond-expr","locations":[{"start":{"line":39,"column":8},"end":{"line":43,"column":12}},{"start":{"line":44,"column":10},"end":{"line":44,"column":14}}],"line":38}},"s":{"0":0,"1":0,"2":0,"3":0,"4":0,"5":0,"6":0,"7":0,"8":0,"9":0,"10":0,"11":0,"12":0},"f":{"0":0,"1":0,"2":0,"3":0,"4":0,"5":0},"b":{"0":[0,0],"1":[0,0],"2":[0,0]}}
,"C:\\Users\\Sarah\\Documents\\Sarah Digital\\ProyectoIntegrador\\grupo-07\\Front-end\\src\\Components\\Context\\ContextProduct.jsx": {"path":"C:\\Users\\Sarah\\Documents\\Sarah Digital\\ProyectoIntegrador\\grupo-07\\Front-end\\src\\Components\\Context\\ContextProduct.jsx","statementMap":{"0":{"start":{"line":4,"column":28},"end":{"line":4,"column":43}},"1":{"start":{"line":6,"column":22},"end":{"line":796,"column":1}},"2":{"start":{"line":7,"column":39},"end":{"line":14,"column":6}},"3":{"start":{"line":8,"column":8},"end":{"line":13,"column":9}},"4":{"start":{"line":9,"column":41},"end":{"line":9,"column":75}},"5":{"start":{"line":10,"column":12},"end":{"line":10,"column":79}},"6":{"start":{"line":12,"column":12},"end":{"line":12,"column":21}},"7":{"start":{"line":16,"column":4},"end":{"line":20,"column":5}},"8":{"start":{"line":17,"column":8},"end":{"line":17,"column":70}},"9":{"start":{"line":22,"column":32},"end":{"line":24,"column":5}},"10":{"start":{"line":23,"column":8},"end":{"line":23,"column":56}},"11":{"start":{"line":26,"column":35},"end":{"line":31,"column":5}},"12":{"start":{"line":27,"column":8},"end":{"line":29,"column":9}},"13":{"start":{"line":28,"column":50},"end":{"line":28,"column":83}},"14":{"start":{"line":34,"column":42},"end":{"line":34,"column":54}},"15":{"start":{"line":35,"column":44},"end":{"line":35,"column":56}},"16":{"start":{"line":39,"column":42},"end":{"line":39,"column":57}},"17":{"start":{"line":40,"column":42},"end":{"line":40,"column":57}},"18":{"start":{"line":43,"column":40},"end":{"line":43,"column":99}},"19":{"start":{"line":44,"column":35},"end":{"line":44,"column":49}},"20":{"start":{"line":45,"column":33},"end":{"line":45,"column":48}},"21":{"start":{"line":46,"column":35},"end":{"line":46,"column":50}},"22":{"start":{"line":47,"column":37},"end":{"line":47,"column":52}},"23":{"start":{"line":48,"column":31},"end":{"line":48,"column":45}},"24":{"start":{"line":49,"column":22},"end":{"line":167,"column":5}},"25":{"start":{"line":50,"column":8},"end":{"line":50,"column":39}},"26":{"start":{"line":51,"column":8},"end":{"line":60,"column":9}},"27":{"start":{"line":52,"column":12},"end":{"line":52,"column":49}},"28":{"start":{"line":54,"column":25},"end":{"line":54,"column":71}},"29":{"start":{"line":55,"column":12},"end":{"line":55,"column":30}},"30":{"start":{"line":56,"column":12},"end":{"line":56,"column":30}},"31":{"start":{"line":57,"column":12},"end":{"line":57,"column":39}},"32":{"start":{"line":58,"column":12},"end":{"line":58,"column":28}},"33":{"start":{"line":61,"column":8},"end":{"line":70,"column":9}},"34":{"start":{"line":62,"column":12},"end":{"line":62,"column":49}},"35":{"start":{"line":64,"column":25},"end":{"line":64,"column":73}},"36":{"start":{"line":65,"column":12},"end":{"line":65,"column":30}},"37":{"start":{"line":66,"column":12},"end":{"line":66,"column":30}},"38":{"start":{"line":67,"column":12},"end":{"line":67,"column":39}},"39":{"start":{"line":68,"column":12},"end":{"line":68,"column":28}},"40":{"start":{"line":71,"column":8},"end":{"line":80,"column":9}},"41":{"start":{"line":72,"column":12},"end":{"line":72,"column":49}},"42":{"start":{"line":74,"column":25},"end":{"line":74,"column":61}},"43":{"start":{"line":75,"column":12},"end":{"line":75,"column":30}},"44":{"start":{"line":76,"column":12},"end":{"line":76,"column":30}},"45":{"start":{"line":77,"column":12},"end":{"line":77,"column":39}},"46":{"start":{"line":78,"column":12},"end":{"line":78,"column":28}},"47":{"start":{"line":81,"column":8},"end":{"line":90,"column":9}},"48":{"start":{"line":82,"column":12},"end":{"line":82,"column":49}},"49":{"start":{"line":84,"column":25},"end":{"line":84,"column":63}},"50":{"start":{"line":85,"column":12},"end":{"line":85,"column":30}},"51":{"start":{"line":86,"column":12},"end":{"line":86,"column":30}},"52":{"start":{"line":87,"column":12},"end":{"line":87,"column":39}},"53":{"start":{"line":88,"column":12},"end":{"line":88,"column":28}},"54":{"start":{"line":92,"column":8},"end":{"line":100,"column":9}},"55":{"start":{"line":93,"column":12},"end":{"line":93,"column":58}},"56":{"start":{"line":95,"column":25},"end":{"line":95,"column":65}},"57":{"start":{"line":96,"column":12},"end":{"line":96,"column":30}},"58":{"start":{"line":97,"column":12},"end":{"line":97,"column":31}},"59":{"start":{"line":98,"column":12},"end":{"line":98,"column":39}},"60":{"start":{"line":99,"column":12},"end":{"line":99,"column":28}},"61":{"start":{"line":101,"column":8},"end":{"line":109,"column":9}},"62":{"start":{"line":102,"column":12},"end":{"line":102,"column":58}},"63":{"start":{"line":104,"column":25},"end":{"line":104,"column":73}},"64":{"start":{"line":105,"column":12},"end":{"line":105,"column":30}},"65":{"start":{"line":106,"column":12},"end":{"line":106,"column":31}},"66":{"start":{"line":107,"column":12},"end":{"line":107,"column":39}},"67":{"start":{"line":108,"column":12},"end":{"line":108,"column":28}},"68":{"start":{"line":110,"column":8},"end":{"line":118,"column":9}},"69":{"start":{"line":111,"column":12},"end":{"line":111,"column":58}},"70":{"start":{"line":113,"column":25},"end":{"line":113,"column":55}},"71":{"start":{"line":114,"column":12},"end":{"line":114,"column":30}},"72":{"start":{"line":115,"column":12},"end":{"line":115,"column":31}},"73":{"start":{"line":116,"column":12},"end":{"line":116,"column":39}},"74":{"start":{"line":117,"column":12},"end":{"line":117,"column":28}},"75":{"start":{"line":119,"column":8},"end":{"line":127,"column":9}},"76":{"start":{"line":120,"column":12},"end":{"line":120,"column":58}},"77":{"start":{"line":122,"column":25},"end":{"line":122,"column":63}},"78":{"start":{"line":123,"column":12},"end":{"line":123,"column":30}},"79":{"start":{"line":124,"column":12},"end":{"line":124,"column":31}},"80":{"start":{"line":125,"column":12},"end":{"line":125,"column":39}},"81":{"start":{"line":126,"column":12},"end":{"line":126,"column":28}},"82":{"start":{"line":128,"column":8},"end":{"line":136,"column":9}},"83":{"start":{"line":129,"column":12},"end":{"line":129,"column":49}},"84":{"start":{"line":131,"column":25},"end":{"line":131,"column":53}},"85":{"start":{"line":132,"column":12},"end":{"line":132,"column":30}},"86":{"start":{"line":133,"column":12},"end":{"line":133,"column":32}},"87":{"start":{"line":134,"column":12},"end":{"line":134,"column":39}},"88":{"start":{"line":135,"column":12},"end":{"line":135,"column":28}},"89":{"start":{"line":138,"column":8},"end":{"line":146,"column":9}},"90":{"start":{"line":139,"column":12},"end":{"line":139,"column":49}},"91":{"start":{"line":141,"column":25},"end":{"line":141,"column":61}},"92":{"start":{"line":142,"column":12},"end":{"line":142,"column":30}},"93":{"start":{"line":143,"column":12},"end":{"line":143,"column":32}},"94":{"start":{"line":144,"column":12},"end":{"line":144,"column":39}},"95":{"start":{"line":145,"column":12},"end":{"line":145,"column":28}},"96":{"start":{"line":147,"column":8},"end":{"line":155,"column":9}},"97":{"start":{"line":148,"column":12},"end":{"line":148,"column":49}},"98":{"start":{"line":150,"column":25},"end":{"line":150,"column":55}},"99":{"start":{"line":151,"column":12},"end":{"line":151,"column":30}},"100":{"start":{"line":152,"column":12},"end":{"line":152,"column":32}},"101":{"start":{"line":153,"column":12},"end":{"line":153,"column":39}},"102":{"start":{"line":154,"column":12},"end":{"line":154,"column":28}},"103":{"start":{"line":156,"column":8},"end":{"line":164,"column":9}},"104":{"start":{"line":157,"column":12},"end":{"line":157,"column":49}},"105":{"start":{"line":159,"column":25},"end":{"line":159,"column":63}},"106":{"start":{"line":160,"column":12},"end":{"line":160,"column":30}},"107":{"start":{"line":161,"column":12},"end":{"line":161,"column":32}},"108":{"start":{"line":162,"column":12},"end":{"line":162,"column":39}},"109":{"start":{"line":163,"column":12},"end":{"line":163,"column":28}},"110":{"start":{"line":168,"column":23},"end":{"line":276,"column":5}},"111":{"start":{"line":169,"column":8},"end":{"line":169,"column":40}},"112":{"start":{"line":170,"column":8},"end":{"line":179,"column":9}},"113":{"start":{"line":171,"column":12},"end":{"line":171,"column":50}},"114":{"start":{"line":172,"column":25},"end":{"line":172,"column":73}},"115":{"start":{"line":174,"column":12},"end":{"line":174,"column":29}},"116":{"start":{"line":175,"column":12},"end":{"line":175,"column":39}},"117":{"start":{"line":177,"column":12},"end":{"line":177,"column":33}},"118":{"start":{"line":180,"column":8},"end":{"line":190,"column":9}},"119":{"start":{"line":181,"column":12},"end":{"line":181,"column":50}},"120":{"start":{"line":182,"column":25},"end":{"line":182,"column":75}},"121":{"start":{"line":184,"column":12},"end":{"line":184,"column":29}},"122":{"start":{"line":185,"column":12},"end":{"line":185,"column":41}},"123":{"start":{"line":186,"column":12},"end":{"line":186,"column":39}},"124":{"start":{"line":188,"column":12},"end":{"line":188,"column":33}},"125":{"start":{"line":191,"column":8},"end":{"line":201,"column":9}},"126":{"start":{"line":192,"column":12},"end":{"line":192,"column":50}},"127":{"start":{"line":193,"column":25},"end":{"line":193,"column":63}},"128":{"start":{"line":195,"column":12},"end":{"line":195,"column":29}},"129":{"start":{"line":196,"column":12},"end":{"line":196,"column":41}},"130":{"start":{"line":197,"column":12},"end":{"line":197,"column":39}},"131":{"start":{"line":199,"column":12},"end":{"line":199,"column":33}},"132":{"start":{"line":202,"column":8},"end":{"line":211,"column":9}},"133":{"start":{"line":203,"column":12},"end":{"line":203,"column":50}},"134":{"start":{"line":204,"column":25},"end":{"line":204,"column":65}},"135":{"start":{"line":206,"column":12},"end":{"line":206,"column":29}},"136":{"start":{"line":207,"column":12},"end":{"line":207,"column":39}},"137":{"start":{"line":209,"column":12},"end":{"line":209,"column":33}},"138":{"start":{"line":212,"column":8},"end":{"line":219,"column":9}},"139":{"start":{"line":213,"column":12},"end":{"line":213,"column":50}},"140":{"start":{"line":215,"column":25},"end":{"line":215,"column":67}},"141":{"start":{"line":217,"column":12},"end":{"line":217,"column":39}},"142":{"start":{"line":218,"column":12},"end":{"line":218,"column":29}},"143":{"start":{"line":220,"column":8},"end":{"line":228,"column":9}},"144":{"start":{"line":221,"column":12},"end":{"line":221,"column":50}},"145":{"start":{"line":223,"column":12},"end":{"line":223,"column":41}},"146":{"start":{"line":224,"column":25},"end":{"line":224,"column":75}},"147":{"start":{"line":226,"column":12},"end":{"line":226,"column":39}},"148":{"start":{"line":227,"column":12},"end":{"line":227,"column":29}},"149":{"start":{"line":229,"column":8},"end":{"line":236,"column":9}},"150":{"start":{"line":230,"column":12},"end":{"line":230,"column":50}},"151":{"start":{"line":232,"column":25},"end":{"line":232,"column":57}},"152":{"start":{"line":233,"column":12},"end":{"line":233,"column":41}},"153":{"start":{"line":234,"column":12},"end":{"line":234,"column":39}},"154":{"start":{"line":235,"column":12},"end":{"line":235,"column":29}},"155":{"start":{"line":237,"column":8},"end":{"line":244,"column":9}},"156":{"start":{"line":238,"column":12},"end":{"line":238,"column":50}},"157":{"start":{"line":240,"column":25},"end":{"line":240,"column":65}},"158":{"start":{"line":242,"column":12},"end":{"line":242,"column":39}},"159":{"start":{"line":243,"column":12},"end":{"line":243,"column":29}},"160":{"start":{"line":245,"column":8},"end":{"line":252,"column":9}},"161":{"start":{"line":246,"column":12},"end":{"line":246,"column":50}},"162":{"start":{"line":248,"column":25},"end":{"line":248,"column":55}},"163":{"start":{"line":250,"column":12},"end":{"line":250,"column":39}},"164":{"start":{"line":251,"column":12},"end":{"line":251,"column":29}},"165":{"start":{"line":253,"column":8},"end":{"line":260,"column":9}},"166":{"start":{"line":254,"column":12},"end":{"line":254,"column":50}},"167":{"start":{"line":256,"column":25},"end":{"line":256,"column":63}},"168":{"start":{"line":257,"column":12},"end":{"line":257,"column":41}},"169":{"start":{"line":258,"column":12},"end":{"line":258,"column":39}},"170":{"start":{"line":259,"column":12},"end":{"line":259,"column":29}},"171":{"start":{"line":261,"column":8},"end":{"line":267,"column":9}},"172":{"start":{"line":262,"column":12},"end":{"line":262,"column":50}},"173":{"start":{"line":263,"column":25},"end":{"line":263,"column":57}},"174":{"start":{"line":264,"column":12},"end":{"line":264,"column":41}},"175":{"start":{"line":265,"column":12},"end":{"line":265,"column":39}},"176":{"start":{"line":266,"column":12},"end":{"line":266,"column":29}},"177":{"start":{"line":268,"column":8},"end":{"line":274,"column":9}},"178":{"start":{"line":269,"column":12},"end":{"line":269,"column":50}},"179":{"start":{"line":270,"column":25},"end":{"line":270,"column":65}},"180":{"start":{"line":272,"column":12},"end":{"line":272,"column":39}},"181":{"start":{"line":273,"column":12},"end":{"line":273,"column":29}},"182":{"start":{"line":277,"column":4},"end":{"line":280,"column":21}},"183":{"start":{"line":279,"column":8},"end":{"line":279,"column":21}},"184":{"start":{"line":283,"column":31},"end":{"line":283,"column":43}},"185":{"start":{"line":301,"column":5},"end":{"line":301,"column":31}},"186":{"start":{"line":305,"column":24},"end":{"line":318,"column":5}},"187":{"start":{"line":306,"column":29},"end":{"line":308,"column":11}},"188":{"start":{"line":310,"column":10},"end":{"line":317,"column":59}},"189":{"start":{"line":311,"column":32},"end":{"line":311,"column":47}},"190":{"start":{"line":314,"column":17},"end":{"line":314,"column":40}},"191":{"start":{"line":317,"column":30},"end":{"line":317,"column":57}},"192":{"start":{"line":319,"column":22},"end":{"line":629,"column":5}},"193":{"start":{"line":320,"column":8},"end":{"line":320,"column":54}},"194":{"start":{"line":321,"column":8},"end":{"line":351,"column":9}},"195":{"start":{"line":323,"column":12},"end":{"line":323,"column":41}},"196":{"start":{"line":325,"column":33},"end":{"line":328,"column":15}},"197":{"start":{"line":330,"column":14},"end":{"line":350,"column":61}},"198":{"start":{"line":331,"column":34},"end":{"line":331,"column":49}},"199":{"start":{"line":334,"column":20},"end":{"line":348,"column":23}},"200":{"start":{"line":336,"column":24},"end":{"line":336,"column":58}},"201":{"start":{"line":337,"column":24},"end":{"line":337,"column":124}},"202":{"start":{"line":338,"column":24},"end":{"line":338,"column":41}},"203":{"start":{"line":339,"column":24},"end":{"line":339,"column":45}},"204":{"start":{"line":340,"column":24},"end":{"line":344,"column":26}},"205":{"start":{"line":346,"column":26},"end":{"line":346,"column":49}},"206":{"start":{"line":347,"column":26},"end":{"line":347,"column":49}},"207":{"start":{"line":350,"column":32},"end":{"line":350,"column":59}},"208":{"start":{"line":352,"column":8},"end":{"line":386,"column":9}},"209":{"start":{"line":354,"column":12},"end":{"line":354,"column":45}},"210":{"start":{"line":355,"column":33},"end":{"line":358,"column":15}},"211":{"start":{"line":360,"column":14},"end":{"line":385,"column":76}},"212":{"start":{"line":361,"column":34},"end":{"line":361,"column":49}},"213":{"start":{"line":364,"column":20},"end":{"line":382,"column":21}},"214":{"start":{"line":368,"column":22},"end":{"line":368,"column":56}},"215":{"start":{"line":369,"column":22},"end":{"line":369,"column":115}},"216":{"start":{"line":370,"column":22},"end":{"line":370,"column":40}},"217":{"start":{"line":371,"column":22},"end":{"line":371,"column":40}},"218":{"start":{"line":372,"column":22},"end":{"line":372,"column":49}},"219":{"start":{"line":373,"column":22},"end":{"line":377,"column":24}},"220":{"start":{"line":380,"column":23},"end":{"line":380,"column":46}},"221":{"start":{"line":381,"column":24},"end":{"line":381,"column":47}},"222":{"start":{"line":385,"column":32},"end":{"line":385,"column":74}},"223":{"start":{"line":387,"column":8},"end":{"line":417,"column":9}},"224":{"start":{"line":388,"column":12},"end":{"line":388,"column":45}},"225":{"start":{"line":389,"column":12},"end":{"line":389,"column":56}},"226":{"start":{"line":390,"column":12},"end":{"line":390,"column":59}},"227":{"start":{"line":391,"column":33},"end":{"line":394,"column":15}},"228":{"start":{"line":396,"column":14},"end":{"line":415,"column":61}},"229":{"start":{"line":397,"column":34},"end":{"line":397,"column":49}},"230":{"start":{"line":399,"column":20},"end":{"line":399,"column":39}},"231":{"start":{"line":400,"column":20},"end":{"line":400,"column":57}},"232":{"start":{"line":401,"column":20},"end":{"line":413,"column":23}},"233":{"start":{"line":402,"column":24},"end":{"line":402,"column":41}},"234":{"start":{"line":403,"column":24},"end":{"line":403,"column":43}},"235":{"start":{"line":404,"column":24},"end":{"line":404,"column":63}},"236":{"start":{"line":405,"column":24},"end":{"line":405,"column":58}},"237":{"start":{"line":406,"column":24},"end":{"line":410,"column":26}},"238":{"start":{"line":412,"column":26},"end":{"line":412,"column":49}},"239":{"start":{"line":415,"column":32},"end":{"line":415,"column":59}},"240":{"start":{"line":418,"column":8},"end":{"line":459,"column":9}},"241":{"start":{"line":419,"column":12},"end":{"line":419,"column":50}},"242":{"start":{"line":421,"column":33},"end":{"line":424,"column":15}},"243":{"start":{"line":426,"column":14},"end":{"line":458,"column":61}},"244":{"start":{"line":427,"column":34},"end":{"line":427,"column":49}},"245":{"start":{"line":429,"column":20},"end":{"line":429,"column":57}},"246":{"start":{"line":430,"column":20},"end":{"line":430,"column":58}},"247":{"start":{"line":431,"column":20},"end":{"line":431,"column":72}},"248":{"start":{"line":432,"column":20},"end":{"line":456,"column":23}},"249":{"start":{"line":436,"column":26},"end":{"line":436,"column":60}},"250":{"start":{"line":438,"column":26},"end":{"line":438,"column":65}},"251":{"start":{"line":439,"column":26},"end":{"line":442,"column":29}},"252":{"start":{"line":440,"column":28},"end":{"line":440,"column":49}},"253":{"start":{"line":441,"column":28},"end":{"line":441,"column":45}},"254":{"start":{"line":443,"column":26},"end":{"line":447,"column":29}},"255":{"start":{"line":444,"column":28},"end":{"line":444,"column":55}},"256":{"start":{"line":445,"column":28},"end":{"line":445,"column":46}},"257":{"start":{"line":446,"column":28},"end":{"line":446,"column":46}},"258":{"start":{"line":448,"column":26},"end":{"line":452,"column":28}},"259":{"start":{"line":455,"column":26},"end":{"line":455,"column":49}},"260":{"start":{"line":458,"column":32},"end":{"line":458,"column":59}},"261":{"start":{"line":461,"column":8},"end":{"line":501,"column":9}},"262":{"start":{"line":462,"column":12},"end":{"line":462,"column":50}},"263":{"start":{"line":463,"column":33},"end":{"line":466,"column":15}},"264":{"start":{"line":468,"column":14},"end":{"line":499,"column":61}},"265":{"start":{"line":469,"column":34},"end":{"line":469,"column":49}},"266":{"start":{"line":472,"column":20},"end":{"line":497,"column":23}},"267":{"start":{"line":476,"column":26},"end":{"line":476,"column":60}},"268":{"start":{"line":477,"column":26},"end":{"line":477,"column":138}},"269":{"start":{"line":478,"column":26},"end":{"line":481,"column":25}},"270":{"start":{"line":479,"column":28},"end":{"line":479,"column":49}},"271":{"start":{"line":480,"column":28},"end":{"line":480,"column":45}},"272":{"start":{"line":482,"column":26},"end":{"line":486,"column":25}},"273":{"start":{"line":483,"column":28},"end":{"line":483,"column":67}},"274":{"start":{"line":484,"column":28},"end":{"line":484,"column":47}},"275":{"start":{"line":485,"column":28},"end":{"line":485,"column":45}},"276":{"start":{"line":489,"column":26},"end":{"line":493,"column":28}},"277":{"start":{"line":496,"column":26},"end":{"line":496,"column":49}},"278":{"start":{"line":499,"column":32},"end":{"line":499,"column":59}},"279":{"start":{"line":502,"column":8},"end":{"line":542,"column":9}},"280":{"start":{"line":503,"column":12},"end":{"line":503,"column":54}},"281":{"start":{"line":507,"column":33},"end":{"line":510,"column":15}},"282":{"start":{"line":512,"column":14},"end":{"line":541,"column":61}},"283":{"start":{"line":513,"column":34},"end":{"line":513,"column":49}},"284":{"start":{"line":515,"column":20},"end":{"line":515,"column":39}},"285":{"start":{"line":517,"column":20},"end":{"line":539,"column":23}},"286":{"start":{"line":519,"column":26},"end":{"line":523,"column":25}},"287":{"start":{"line":520,"column":28},"end":{"line":520,"column":55}},"288":{"start":{"line":521,"column":28},"end":{"line":521,"column":46}},"289":{"start":{"line":522,"column":28},"end":{"line":522,"column":46}},"290":{"start":{"line":524,"column":24},"end":{"line":528,"column":25}},"291":{"start":{"line":525,"column":28},"end":{"line":525,"column":67}},"292":{"start":{"line":526,"column":28},"end":{"line":526,"column":47}},"293":{"start":{"line":527,"column":28},"end":{"line":527,"column":45}},"294":{"start":{"line":531,"column":24},"end":{"line":531,"column":58}},"295":{"start":{"line":532,"column":24},"end":{"line":536,"column":26}},"296":{"start":{"line":538,"column":26},"end":{"line":538,"column":49}},"297":{"start":{"line":541,"column":32},"end":{"line":541,"column":59}},"298":{"start":{"line":543,"column":8},"end":{"line":624,"column":9}},"299":{"start":{"line":546,"column":12},"end":{"line":546,"column":50}},"300":{"start":{"line":548,"column":34},"end":{"line":551,"column":15}},"301":{"start":{"line":553,"column":14},"end":{"line":621,"column":61}},"302":{"start":{"line":554,"column":34},"end":{"line":554,"column":49}},"303":{"start":{"line":556,"column":20},"end":{"line":556,"column":57}},"304":{"start":{"line":557,"column":20},"end":{"line":557,"column":58}},"305":{"start":{"line":558,"column":20},"end":{"line":558,"column":72}},"306":{"start":{"line":559,"column":20},"end":{"line":619,"column":23}},"307":{"start":{"line":563,"column":26},"end":{"line":563,"column":60}},"308":{"start":{"line":565,"column":26},"end":{"line":565,"column":65}},"309":{"start":{"line":566,"column":26},"end":{"line":569,"column":29}},"310":{"start":{"line":567,"column":28},"end":{"line":567,"column":49}},"311":{"start":{"line":568,"column":28},"end":{"line":568,"column":45}},"312":{"start":{"line":570,"column":26},"end":{"line":574,"column":29}},"313":{"start":{"line":571,"column":28},"end":{"line":571,"column":55}},"314":{"start":{"line":572,"column":28},"end":{"line":572,"column":46}},"315":{"start":{"line":573,"column":28},"end":{"line":573,"column":46}},"316":{"start":{"line":575,"column":26},"end":{"line":579,"column":28}},"317":{"start":{"line":582,"column":28},"end":{"line":582,"column":75}},"318":{"start":{"line":583,"column":49},"end":{"line":586,"column":31}},"319":{"start":{"line":588,"column":30},"end":{"line":618,"column":77}},"320":{"start":{"line":589,"column":50},"end":{"line":589,"column":65}},"321":{"start":{"line":591,"column":36},"end":{"line":591,"column":56}},"322":{"start":{"line":592,"column":36},"end":{"line":616,"column":39}},"323":{"start":{"line":593,"column":40},"end":{"line":596,"column":41}},"324":{"start":{"line":594,"column":44},"end":{"line":594,"column":65}},"325":{"start":{"line":595,"column":44},"end":{"line":595,"column":61}},"326":{"start":{"line":597,"column":40},"end":{"line":601,"column":41}},"327":{"start":{"line":598,"column":44},"end":{"line":598,"column":71}},"328":{"start":{"line":599,"column":44},"end":{"line":599,"column":62}},"329":{"start":{"line":600,"column":44},"end":{"line":600,"column":62}},"330":{"start":{"line":602,"column":40},"end":{"line":606,"column":41}},"331":{"start":{"line":603,"column":44},"end":{"line":603,"column":83}},"332":{"start":{"line":604,"column":44},"end":{"line":604,"column":63}},"333":{"start":{"line":605,"column":44},"end":{"line":605,"column":61}},"334":{"start":{"line":608,"column":40},"end":{"line":608,"column":74}},"335":{"start":{"line":609,"column":40},"end":{"line":613,"column":42}},"336":{"start":{"line":615,"column":42},"end":{"line":615,"column":66}},"337":{"start":{"line":618,"column":48},"end":{"line":618,"column":75}},"338":{"start":{"line":621,"column":32},"end":{"line":621,"column":59}},"339":{"start":{"line":625,"column":8},"end":{"line":628,"column":9}},"340":{"start":{"line":626,"column":12},"end":{"line":626,"column":41}},"341":{"start":{"line":627,"column":12},"end":{"line":627,"column":28}},"342":{"start":{"line":631,"column":29},"end":{"line":633,"column":5}},"343":{"start":{"line":632,"column":8},"end":{"line":632,"column":24}},"344":{"start":{"line":635,"column":4},"end":{"line":635,"column":42}},"345":{"start":{"line":635,"column":18},"end":{"line":635,"column":38}},"346":{"start":{"line":641,"column":57},"end":{"line":641,"column":69}},"347":{"start":{"line":642,"column":52},"end":{"line":642,"column":64}},"348":{"start":{"line":643,"column":4},"end":{"line":659,"column":29}},"349":{"start":{"line":644,"column":38},"end":{"line":657,"column":9}},"350":{"start":{"line":645,"column":33},"end":{"line":648,"column":15}},"351":{"start":{"line":650,"column":14},"end":{"line":656,"column":61}},"352":{"start":{"line":651,"column":34},"end":{"line":651,"column":49}},"353":{"start":{"line":653,"column":20},"end":{"line":653,"column":49}},"354":{"start":{"line":654,"column":20},"end":{"line":654,"column":39}},"355":{"start":{"line":656,"column":32},"end":{"line":656,"column":59}},"356":{"start":{"line":658,"column":8},"end":{"line":658,"column":34}},"357":{"start":{"line":660,"column":4},"end":{"line":660,"column":36}},"358":{"start":{"line":663,"column":47},"end":{"line":663,"column":59}},"359":{"start":{"line":666,"column":53},"end":{"line":666,"column":65}},"360":{"start":{"line":667,"column":49},"end":{"line":667,"column":61}},"361":{"start":{"line":668,"column":35},"end":{"line":668,"column":47}},"362":{"start":{"line":669,"column":39},"end":{"line":669,"column":51}},"363":{"start":{"line":670,"column":35},"end":{"line":670,"column":47}},"364":{"start":{"line":672,"column":39},"end":{"line":672,"column":51}},"365":{"start":{"line":673,"column":29},"end":{"line":673,"column":40}},"366":{"start":{"line":674,"column":33},"end":{"line":674,"column":45}},"367":{"start":{"line":715,"column":51},"end":{"line":715,"column":63}},"368":{"start":{"line":716,"column":47},"end":{"line":716,"column":59}},"369":{"start":{"line":718,"column":4},"end":{"line":718,"column":56}},"370":{"start":{"line":719,"column":4},"end":{"line":719,"column":35}},"371":{"start":{"line":720,"column":4},"end":{"line":720,"column":33}},"372":{"start":{"line":725,"column":33},"end":{"line":725,"column":48}},"373":{"start":{"line":726,"column":35},"end":{"line":726,"column":50}},"374":{"start":{"line":730,"column":8},"end":{"line":794,"column":9}}},"fnMap":{"0":{"name":"(anonymous_0)","decl":{"start":{"line":6,"column":22},"end":{"line":6,"column":23}},"loc":{"start":{"line":6,"column":36},"end":{"line":796,"column":1}},"line":6},"1":{"name":"(anonymous_1)","decl":{"start":{"line":7,"column":48},"end":{"line":7,"column":49}},"loc":{"start":{"line":7,"column":52},"end":{"line":14,"column":5}},"line":7},"2":{"name":"(anonymous_2)","decl":{"start":{"line":16,"column":14},"end":{"line":16,"column":15}},"loc":{"start":{"line":16,"column":18},"end":{"line":19,"column":5}},"line":16},"3":{"name":"(anonymous_3)","decl":{"start":{"line":22,"column":32},"end":{"line":22,"column":33}},"loc":{"start":{"line":22,"column":43},"end":{"line":24,"column":5}},"line":22},"4":{"name":"(anonymous_4)","decl":{"start":{"line":26,"column":35},"end":{"line":26,"column":36}},"loc":{"start":{"line":26,"column":46},"end":{"line":31,"column":5}},"line":26},"5":{"name":"(anonymous_5)","decl":{"start":{"line":28,"column":31},"end":{"line":28,"column":32}},"loc":{"start":{"line":28,"column":50},"end":{"line":28,"column":83}},"line":28},"6":{"name":"(anonymous_6)","decl":{"start":{"line":49,"column":22},"end":{"line":49,"column":23}},"loc":{"start":{"line":49,"column":30},"end":{"line":167,"column":5}},"line":49},"7":{"name":"(anonymous_7)","decl":{"start":{"line":168,"column":23},"end":{"line":168,"column":24}},"loc":{"start":{"line":168,"column":33},"end":{"line":276,"column":5}},"line":168},"8":{"name":"(anonymous_8)","decl":{"start":{"line":277,"column":14},"end":{"line":277,"column":15}},"loc":{"start":{"line":277,"column":18},"end":{"line":280,"column":5}},"line":277},"9":{"name":"(anonymous_9)","decl":{"start":{"line":305,"column":24},"end":{"line":305,"column":25}},"loc":{"start":{"line":305,"column":28},"end":{"line":318,"column":5}},"line":305},"10":{"name":"(anonymous_10)","decl":{"start":{"line":311,"column":18},"end":{"line":311,"column":19}},"loc":{"start":{"line":311,"column":32},"end":{"line":311,"column":47}},"line":311},"11":{"name":"(anonymous_11)","decl":{"start":{"line":312,"column":18},"end":{"line":312,"column":19}},"loc":{"start":{"line":312,"column":30},"end":{"line":316,"column":13}},"line":312},"12":{"name":"(anonymous_12)","decl":{"start":{"line":317,"column":19},"end":{"line":317,"column":20}},"loc":{"start":{"line":317,"column":30},"end":{"line":317,"column":57}},"line":317},"13":{"name":"(anonymous_13)","decl":{"start":{"line":319,"column":22},"end":{"line":319,"column":23}},"loc":{"start":{"line":319,"column":26},"end":{"line":629,"column":5}},"line":319},"14":{"name":"(anonymous_14)","decl":{"start":{"line":331,"column":22},"end":{"line":331,"column":23}},"loc":{"start":{"line":331,"column":34},"end":{"line":331,"column":49}},"line":331},"15":{"name":"(anonymous_15)","decl":{"start":{"line":332,"column":22},"end":{"line":332,"column":23}},"loc":{"start":{"line":332,"column":32},"end":{"line":349,"column":17}},"line":332},"16":{"name":"(anonymous_16)","decl":{"start":{"line":350,"column":23},"end":{"line":350,"column":24}},"loc":{"start":{"line":350,"column":32},"end":{"line":350,"column":59}},"line":350},"17":{"name":"(anonymous_17)","decl":{"start":{"line":361,"column":22},"end":{"line":361,"column":23}},"loc":{"start":{"line":361,"column":34},"end":{"line":361,"column":49}},"line":361},"18":{"name":"(anonymous_18)","decl":{"start":{"line":362,"column":22},"end":{"line":362,"column":23}},"loc":{"start":{"line":362,"column":32},"end":{"line":384,"column":17}},"line":362},"19":{"name":"(anonymous_19)","decl":{"start":{"line":385,"column":23},"end":{"line":385,"column":24}},"loc":{"start":{"line":385,"column":32},"end":{"line":385,"column":74}},"line":385},"20":{"name":"(anonymous_20)","decl":{"start":{"line":397,"column":22},"end":{"line":397,"column":23}},"loc":{"start":{"line":397,"column":34},"end":{"line":397,"column":49}},"line":397},"21":{"name":"(anonymous_21)","decl":{"start":{"line":398,"column":22},"end":{"line":398,"column":23}},"loc":{"start":{"line":398,"column":32},"end":{"line":414,"column":17}},"line":398},"22":{"name":"(anonymous_22)","decl":{"start":{"line":415,"column":23},"end":{"line":415,"column":24}},"loc":{"start":{"line":415,"column":32},"end":{"line":415,"column":59}},"line":415},"23":{"name":"(anonymous_23)","decl":{"start":{"line":427,"column":22},"end":{"line":427,"column":23}},"loc":{"start":{"line":427,"column":34},"end":{"line":427,"column":49}},"line":427},"24":{"name":"(anonymous_24)","decl":{"start":{"line":428,"column":22},"end":{"line":428,"column":23}},"loc":{"start":{"line":428,"column":32},"end":{"line":457,"column":17}},"line":428},"25":{"name":"(anonymous_25)","decl":{"start":{"line":458,"column":23},"end":{"line":458,"column":24}},"loc":{"start":{"line":458,"column":32},"end":{"line":458,"column":59}},"line":458},"26":{"name":"(anonymous_26)","decl":{"start":{"line":469,"column":22},"end":{"line":469,"column":23}},"loc":{"start":{"line":469,"column":34},"end":{"line":469,"column":49}},"line":469},"27":{"name":"(anonymous_27)","decl":{"start":{"line":470,"column":22},"end":{"line":470,"column":23}},"loc":{"start":{"line":470,"column":32},"end":{"line":498,"column":17}},"line":470},"28":{"name":"(anonymous_28)","decl":{"start":{"line":499,"column":23},"end":{"line":499,"column":24}},"loc":{"start":{"line":499,"column":32},"end":{"line":499,"column":59}},"line":499},"29":{"name":"(anonymous_29)","decl":{"start":{"line":513,"column":22},"end":{"line":513,"column":23}},"loc":{"start":{"line":513,"column":34},"end":{"line":513,"column":49}},"line":513},"30":{"name":"(anonymous_30)","decl":{"start":{"line":514,"column":22},"end":{"line":514,"column":23}},"loc":{"start":{"line":514,"column":32},"end":{"line":540,"column":17}},"line":514},"31":{"name":"(anonymous_31)","decl":{"start":{"line":541,"column":23},"end":{"line":541,"column":24}},"loc":{"start":{"line":541,"column":32},"end":{"line":541,"column":59}},"line":541},"32":{"name":"(anonymous_32)","decl":{"start":{"line":554,"column":22},"end":{"line":554,"column":23}},"loc":{"start":{"line":554,"column":34},"end":{"line":554,"column":49}},"line":554},"33":{"name":"(anonymous_33)","decl":{"start":{"line":555,"column":22},"end":{"line":555,"column":23}},"loc":{"start":{"line":555,"column":32},"end":{"line":620,"column":17}},"line":555},"34":{"name":"(anonymous_34)","decl":{"start":{"line":589,"column":38},"end":{"line":589,"column":39}},"loc":{"start":{"line":589,"column":50},"end":{"line":589,"column":65}},"line":589},"35":{"name":"(anonymous_35)","decl":{"start":{"line":590,"column":38},"end":{"line":590,"column":39}},"loc":{"start":{"line":590,"column":49},"end":{"line":617,"column":33}},"line":590},"36":{"name":"(anonymous_36)","decl":{"start":{"line":618,"column":39},"end":{"line":618,"column":40}},"loc":{"start":{"line":618,"column":48},"end":{"line":618,"column":75}},"line":618},"37":{"name":"(anonymous_37)","decl":{"start":{"line":621,"column":23},"end":{"line":621,"column":24}},"loc":{"start":{"line":621,"column":32},"end":{"line":621,"column":59}},"line":621},"38":{"name":"(anonymous_38)","decl":{"start":{"line":631,"column":29},"end":{"line":631,"column":30}},"loc":{"start":{"line":631,"column":33},"end":{"line":633,"column":5}},"line":631},"39":{"name":"(anonymous_39)","decl":{"start":{"line":635,"column":14},"end":{"line":635,"column":15}},"loc":{"start":{"line":635,"column":18},"end":{"line":635,"column":38}},"line":635},"40":{"name":"(anonymous_40)","decl":{"start":{"line":643,"column":14},"end":{"line":643,"column":15}},"loc":{"start":{"line":643,"column":18},"end":{"line":659,"column":5}},"line":643},"41":{"name":"(anonymous_41)","decl":{"start":{"line":644,"column":38},"end":{"line":644,"column":39}},"loc":{"start":{"line":644,"column":42},"end":{"line":657,"column":9}},"line":644},"42":{"name":"(anonymous_42)","decl":{"start":{"line":651,"column":22},"end":{"line":651,"column":23}},"loc":{"start":{"line":651,"column":34},"end":{"line":651,"column":49}},"line":651},"43":{"name":"(anonymous_43)","decl":{"start":{"line":652,"column":22},"end":{"line":652,"column":23}},"loc":{"start":{"line":652,"column":32},"end":{"line":655,"column":17}},"line":652},"44":{"name":"(anonymous_44)","decl":{"start":{"line":656,"column":23},"end":{"line":656,"column":24}},"loc":{"start":{"line":656,"column":32},"end":{"line":656,"column":59}},"line":656}},"branchMap":{"0":{"loc":{"start":{"line":10,"column":19},"end":{"line":10,"column":79}},"type":"cond-expr","locations":[{"start":{"line":10,"column":42},"end":{"line":10,"column":76}},{"start":{"line":10,"column":77},"end":{"line":10,"column":79}}],"line":10},"1":{"loc":{"start":{"line":51,"column":8},"end":{"line":60,"column":9}},"type":"if","locations":[{"start":{"line":51,"column":8},"end":{"line":60,"column":9}},{"start":{},"end":{}}],"line":51},"2":{"loc":{"start":{"line":51,"column":11},"end":{"line":51,"column":82}},"type":"binary-expr","locations":[{"start":{"line":51,"column":11},"end":{"line":51,"column":38}},{"start":{"line":51,"column":40},"end":{"line":51,"column":60}},{"start":{"line":51,"column":62},"end":{"line":51,"column":82}}],"line":51},"3":{"loc":{"start":{"line":61,"column":8},"end":{"line":70,"column":9}},"type":"if","locations":[{"start":{"line":61,"column":8},"end":{"line":70,"column":9}},{"start":{},"end":{}}],"line":61},"4":{"loc":{"start":{"line":61,"column":11},"end":{"line":61,"column":82}},"type":"binary-expr","locations":[{"start":{"line":61,"column":11},"end":{"line":61,"column":38}},{"start":{"line":61,"column":40},"end":{"line":61,"column":60}},{"start":{"line":61,"column":62},"end":{"line":61,"column":82}}],"line":61},"5":{"loc":{"start":{"line":71,"column":8},"end":{"line":80,"column":9}},"type":"if","locations":[{"start":{"line":71,"column":8},"end":{"line":80,"column":9}},{"start":{},"end":{}}],"line":71},"6":{"loc":{"start":{"line":71,"column":11},"end":{"line":71,"column":82}},"type":"binary-expr","locations":[{"start":{"line":71,"column":11},"end":{"line":71,"column":38}},{"start":{"line":71,"column":40},"end":{"line":71,"column":60}},{"start":{"line":71,"column":62},"end":{"line":71,"column":82}}],"line":71},"7":{"loc":{"start":{"line":81,"column":8},"end":{"line":90,"column":9}},"type":"if","locations":[{"start":{"line":81,"column":8},"end":{"line":90,"column":9}},{"start":{},"end":{}}],"line":81},"8":{"loc":{"start":{"line":81,"column":11},"end":{"line":81,"column":82}},"type":"binary-expr","locations":[{"start":{"line":81,"column":11},"end":{"line":81,"column":38}},{"start":{"line":81,"column":40},"end":{"line":81,"column":60}},{"start":{"line":81,"column":62},"end":{"line":81,"column":82}}],"line":81},"9":{"loc":{"start":{"line":92,"column":8},"end":{"line":100,"column":9}},"type":"if","locations":[{"start":{"line":92,"column":8},"end":{"line":100,"column":9}},{"start":{},"end":{}}],"line":92},"10":{"loc":{"start":{"line":92,"column":11},"end":{"line":92,"column":88}},"type":"binary-expr","locations":[{"start":{"line":92,"column":11},"end":{"line":92,"column":44}},{"start":{"line":92,"column":46},"end":{"line":92,"column":66}},{"start":{"line":92,"column":68},"end":{"line":92,"column":88}}],"line":92},"11":{"loc":{"start":{"line":101,"column":8},"end":{"line":109,"column":9}},"type":"if","locations":[{"start":{"line":101,"column":8},"end":{"line":109,"column":9}},{"start":{},"end":{}}],"line":101},"12":{"loc":{"start":{"line":101,"column":11},"end":{"line":101,"column":88}},"type":"binary-expr","locations":[{"start":{"line":101,"column":11},"end":{"line":101,"column":44}},{"start":{"line":101,"column":46},"end":{"line":101,"column":66}},{"start":{"line":101,"column":68},"end":{"line":101,"column":88}}],"line":101},"13":{"loc":{"start":{"line":110,"column":8},"end":{"line":118,"column":9}},"type":"if","locations":[{"start":{"line":110,"column":8},"end":{"line":118,"column":9}},{"start":{},"end":{}}],"line":110},"14":{"loc":{"start":{"line":110,"column":11},"end":{"line":110,"column":88}},"type":"binary-expr","locations":[{"start":{"line":110,"column":11},"end":{"line":110,"column":44}},{"start":{"line":110,"column":46},"end":{"line":110,"column":66}},{"start":{"line":110,"column":68},"end":{"line":110,"column":88}}],"line":110},"15":{"loc":{"start":{"line":119,"column":8},"end":{"line":127,"column":9}},"type":"if","locations":[{"start":{"line":119,"column":8},"end":{"line":127,"column":9}},{"start":{},"end":{}}],"line":119},"16":{"loc":{"start":{"line":119,"column":11},"end":{"line":119,"column":88}},"type":"binary-expr","locations":[{"start":{"line":119,"column":11},"end":{"line":119,"column":44}},{"start":{"line":119,"column":46},"end":{"line":119,"column":66}},{"start":{"line":119,"column":68},"end":{"line":119,"column":88}}],"line":119},"17":{"loc":{"start":{"line":128,"column":8},"end":{"line":136,"column":9}},"type":"if","locations":[{"start":{"line":128,"column":8},"end":{"line":136,"column":9}},{"start":{},"end":{}}],"line":128},"18":{"loc":{"start":{"line":128,"column":11},"end":{"line":128,"column":123}},"type":"binary-expr","locations":[{"start":{"line":128,"column":11},"end":{"line":128,"column":45}},{"start":{"line":128,"column":47},"end":{"line":128,"column":79}},{"start":{"line":128,"column":81},"end":{"line":128,"column":101}},{"start":{"line":128,"column":103},"end":{"line":128,"column":123}}],"line":128},"19":{"loc":{"start":{"line":138,"column":8},"end":{"line":146,"column":9}},"type":"if","locations":[{"start":{"line":138,"column":8},"end":{"line":146,"column":9}},{"start":{},"end":{}}],"line":138},"20":{"loc":{"start":{"line":138,"column":11},"end":{"line":138,"column":123}},"type":"binary-expr","locations":[{"start":{"line":138,"column":11},"end":{"line":138,"column":45}},{"start":{"line":138,"column":47},"end":{"line":138,"column":79}},{"start":{"line":138,"column":81},"end":{"line":138,"column":101}},{"start":{"line":138,"column":103},"end":{"line":138,"column":123}}],"line":138},"21":{"loc":{"start":{"line":147,"column":8},"end":{"line":155,"column":9}},"type":"if","locations":[{"start":{"line":147,"column":8},"end":{"line":155,"column":9}},{"start":{},"end":{}}],"line":147},"22":{"loc":{"start":{"line":147,"column":11},"end":{"line":147,"column":123}},"type":"binary-expr","locations":[{"start":{"line":147,"column":11},"end":{"line":147,"column":45}},{"start":{"line":147,"column":47},"end":{"line":147,"column":79}},{"start":{"line":147,"column":81},"end":{"line":147,"column":101}},{"start":{"line":147,"column":103},"end":{"line":147,"column":123}}],"line":147},"23":{"loc":{"start":{"line":156,"column":8},"end":{"line":164,"column":9}},"type":"if","locations":[{"start":{"line":156,"column":8},"end":{"line":164,"column":9}},{"start":{},"end":{}}],"line":156},"24":{"loc":{"start":{"line":156,"column":11},"end":{"line":156,"column":123}},"type":"binary-expr","locations":[{"start":{"line":156,"column":11},"end":{"line":156,"column":45}},{"start":{"line":156,"column":47},"end":{"line":156,"column":79}},{"start":{"line":156,"column":81},"end":{"line":156,"column":101}},{"start":{"line":156,"column":103},"end":{"line":156,"column":123}}],"line":156},"25":{"loc":{"start":{"line":170,"column":8},"end":{"line":179,"column":9}},"type":"if","locations":[{"start":{"line":170,"column":8},"end":{"line":179,"column":9}},{"start":{},"end":{}}],"line":170},"26":{"loc":{"start":{"line":170,"column":11},"end":{"line":170,"column":84}},"type":"binary-expr","locations":[{"start":{"line":170,"column":11},"end":{"line":170,"column":40}},{"start":{"line":170,"column":42},"end":{"li
[...]
,"column":34}},"24":{"start":{"line":135,"column":28},"end":{"line":135,"column":34}},"25":{"start":{"line":138,"column":28},"end":{"line":144,"column":33}},"26":{"start":{"line":145,"column":28},"end":{"line":145,"column":34}},"27":{"start":{"line":148,"column":28},"end":{"line":154,"column":34}},"28":{"start":{"line":155,"column":28},"end":{"line":155,"column":34}},"29":{"start":{"line":158,"column":28},"end":{"line":164,"column":34}},"30":{"start":{"line":165,"column":28},"end":{"line":165,"column":34}},"31":{"start":{"line":168,"column":28},"end":{"line":174,"column":34}},"32":{"start":{"line":176,"column":28},"end":{"line":176,"column":34}},"33":{"start":{"line":179,"column":28},"end":{"line":185,"column":33}},"34":{"start":{"line":186,"column":28},"end":{"line":186,"column":34}},"35":{"start":{"line":189,"column":28},"end":{"line":195,"column":34}},"36":{"start":{"line":196,"column":28},"end":{"line":196,"column":34}},"37":{"start":{"line":199,"column":28},"end":{"line":205,"column":34}},"38":{"start":{"line":206,"column":28},"end":{"line":206,"column":34}},"39":{"start":{"line":209,"column":28},"end":{"line":215,"column":34}},"40":{"start":{"line":216,"column":28},"end":{"line":216,"column":34}},"41":{"start":{"line":219,"column":28},"end":{"line":225,"column":34}},"42":{"start":{"line":226,"column":28},"end":{"line":226,"column":34}}},"fnMap":{"0":{"name":"FeatureListProduct","decl":{"start":{"line":15,"column":24},"end":{"line":15,"column":42}},"loc":{"start":{"line":15,"column":50},"end":{"line":278,"column":1}},"line":15},"1":{"name":"(anonymous_1)","decl":{"start":{"line":23,"column":82},"end":{"line":23,"column":83}},"loc":{"start":{"line":23,"column":95},"end":{"line":233,"column":17}},"line":23}},"branchMap":{"0":{"loc":{"start":{"line":17,"column":4},"end":{"line":17,"column":77}},"type":"binary-expr","locations":[{"start":{"line":17,"column":4},"end":{"line":17,"column":34}},{"start":{"line":17,"column":38},"end":{"line":17,"column":77}}],"line":17},"1":{"loc":{"start":{"line":23,"column":17},"end":{"line":233,"column":18}},"type":"binary-expr","locations":[{"start":{"line":23,"column":17},"end":{"line":23,"column":47}},{"start":{"line":23,"column":51},"end":{"line":233,"column":18}}],"line":23},"2":{"loc":{"start":{"line":24,"column":20},"end":{"line":231,"column":21}},"type":"switch","locations":[{"start":{"line":25,"column":24},"end":{"line":34,"column":34}},{"start":{"line":36,"column":24},"end":{"line":45,"column":34}},{"start":{"line":47,"column":24},"end":{"line":55,"column":34}},{"start":{"line":57,"column":24},"end":{"line":65,"column":34}},{"start":{"line":67,"column":24},"end":{"line":75,"column":34}},{"start":{"line":77,"column":24},"end":{"line":85,"column":34}},{"start":{"line":87,"column":24},"end":{"line":95,"column":34}},{"start":{"line":97,"column":24},"end":{"line":105,"column":34}},{"start":{"line":107,"column":24},"end":{"line":115,"column":34}},{"start":{"line":117,"column":24},"end":{"line":125,"column":34}},{"start":{"line":127,"column":24},"end":{"line":135,"column":34}},{"start":{"line":137,"column":24},"end":{"line":145,"column":34}},{"start":{"line":147,"column":24},"end":{"line":155,"column":34}},{"start":{"line":157,"column":24},"end":{"line":165,"column":34}},{"start":{"line":167,"column":24},"end":{"line":176,"column":34}},{"start":{"line":178,"column":24},"end":{"line":186,"column":34}},{"start":{"line":188,"column":24},"end":{"line":196,"column":34}},{"start":{"line":198,"column":24},"end":{"line":206,"column":34}},{"start":{"line":208,"column":24},"end":{"line":216,"column":34}},{"start":{"line":218,"column":24},"end":{"line":226,"column":34}}],"line":24}},"s":{"0":4,"1":4,"2":0,"3":0,"4":0,"5":0,"6":0,"7":0,"8":0,"9":0,"10":0,"11":0,"12":0,"13":0,"14":0,"15":0,"16":0,"17":0,"18":0,"19":0,"20":0,"21":0,"22":0,"23":0,"24":0,"25":0,"26":0,"27":0,"28":0,"29":0,"30":0,"31":0,"32":0,"33":0,"34":0,"35":0,"36":0,"37":0,"38":0,"39":0,"40":0,"41":0,"42":0},"f":{"0":4,"1":0},"b":{"0":[4,0],"1":[4,0],"2":[0,0,0,0,0,0,0,0,0,0,0,0,0,0,0,0,0,0,0,0]},"_coverageSchema":"1a1c01bbd47fc00a2c39e90264f33305004495a9","hash":"6ec3aab7daabcef25af0716ccc2cd9067fcc6584"}
,"C:\\Users\\Sarah\\Documents\\Sarah Digital\\ProyectoIntegrador\\grupo-07\\Front-end\\src\\Components\\Product\\HeaderBlock.jsx": {"path":"C:\\Users\\Sarah\\Documents\\Sarah Digital\\ProyectoIntegrador\\grupo-07\\Front-end\\src\\Components\\Product\\HeaderBlock.jsx","statementMap":{"0":{"start":{"line":9,"column":4},"end":{"line":33,"column":5}}},"fnMap":{"0":{"name":"HeaderBlock","decl":{"start":{"line":7,"column":24},"end":{"line":7,"column":35}},"loc":{"start":{"line":7,"column":51},"end":{"line":34,"column":1}},"line":7}},"branchMap":{"0":{"loc":{"start":{"line":12,"column":13},"end":{"line":21,"column":25}},"type":"cond-expr","locations":[{"start":{"line":13,"column":16},"end":{"line":19,"column":22}},{"start":{"line":21,"column":16},"end":{"line":21,"column":25}}],"line":12}},"s":{"0":12},"f":{"0":12},"b":{"0":[8,4]},"_coverageSchema":"1a1c01bbd47fc00a2c39e90264f33305004495a9","hash":"72cf48ca03d47d196773fac3a776b359649b406f"}
,"C:\\Users\\Sarah\\Documents\\Sarah Digital\\ProyectoIntegrador\\grupo-07\\Front-end\\src\\Components\\Product\\Place.jsx": {"path":"C:\\Users\\Sarah\\Documents\\Sarah Digital\\ProyectoIntegrador\\grupo-07\\Front-end\\src\\Components\\Product\\Place.jsx","statementMap":{"0":{"start":{"line":8,"column":2},"end":{"line":28,"column":3}}},"fnMap":{"0":{"name":"Place","decl":{"start":{"line":5,"column":24},"end":{"line":5,"column":29}},"loc":{"start":{"line":5,"column":45},"end":{"line":29,"column":1}},"line":5}},"branchMap":{"0":{"loc":{"start":{"line":11,"column":8},"end":{"line":25,"column":15}},"type":"cond-expr","locations":[{"start":{"line":11,"column":29},"end":{"line":23,"column":12}},{"start":{"line":25,"column":6},"end":{"line":25,"column":15}}],"line":11}},"s":{"0":10},"f":{"0":10},"b":{"0":[8,2]},"_coverageSchema":"1a1c01bbd47fc00a2c39e90264f33305004495a9","hash":"b32e4c3629e6d991a7a06937091758e94b277321"}
,"C:\\Users\\Sarah\\Documents\\Sarah Digital\\ProyectoIntegrador\\grupo-07\\Front-end\\src\\Components\\Product\\PolicyBlock.jsx": {"path":"C:\\Users\\Sarah\\Documents\\Sarah Digital\\ProyectoIntegrador\\grupo-07\\Front-end\\src\\Components\\Product\\PolicyBlock.jsx","statementMap":{"0":{"start":{"line":5,"column":4},"end":{"line":72,"column":5}}},"fnMap":{"0":{"name":"PolicyBlock","decl":{"start":{"line":4,"column":24},"end":{"line":4,"column":35}},"loc":{"start":{"line":4,"column":38},"end":{"line":73,"column":1}},"line":4}},"branchMap":{},"s":{"0":5},"f":{"0":5},"b":{},"_coverageSchema":"1a1c01bbd47fc00a2c39e90264f33305004495a9","hash":"ac2f8e42b38280f1d71e06f44f339eb1b89a2533"}
,"C:\\Users\\Sarah\\Documents\\Sarah Digital\\ProyectoIntegrador\\grupo-07\\Front-end\\src\\Components\\Product\\ProductMain.jsx": {"path":"C:\\Users\\Sarah\\Documents\\Sarah Digital\\ProyectoIntegrador\\grupo-07\\Front-end\\src\\Components\\Product\\ProductMain.jsx","statementMap":{"0":{"start":{"line":15,"column":17},"end":{"line":15,"column":28}},"1":{"start":{"line":19,"column":26},"end":{"line":19,"column":40}},"2":{"start":{"line":21,"column":2},"end":{"line":36,"column":10}},"3":{"start":{"line":22,"column":25},"end":{"line":25,"column":5}},"4":{"start":{"line":27,"column":4},"end":{"line":34,"column":51}},"5":{"start":{"line":28,"column":24},"end":{"line":28,"column":39}},"6":{"start":{"line":30,"column":8},"end":{"line":30,"column":27}},"7":{"start":{"line":31,"column":8},"end":{"line":31,"column":24}},"8":{"start":{"line":34,"column":22},"end":{"line":34,"column":49}},"9":{"start":{"line":41,"column":2},"end":{"line":58,"column":3}}},"fnMap":{"0":{"name":"ProductMain","decl":{"start":{"line":14,"column":24},"end":{"line":14,"column":35}},"loc":{"start":{"line":14,"column":38},"end":{"line":59,"column":1}},"line":14},"1":{"name":"(anonymous_1)","decl":{"start":{"line":21,"column":12},"end":{"line":21,"column":13}},"loc":{"start":{"line":21,"column":18},"end":{"line":36,"column":3}},"line":21},"2":{"name":"(anonymous_2)","decl":{"start":{"line":28,"column":12},"end":{"line":28,"column":13}},"loc":{"start":{"line":28,"column":24},"end":{"line":28,"column":39}},"line":28},"3":{"name":"(anonymous_3)","decl":{"start":{"line":29,"column":12},"end":{"line":29,"column":13}},"loc":{"start":{"line":29,"column":22},"end":{"line":33,"column":7}},"line":29},"4":{"name":"(anonymous_4)","decl":{"start":{"line":34,"column":13},"end":{"line":34,"column":14}},"loc":{"start":{"line":34,"column":22},"end":{"line":34,"column":49}},"line":34}},"branchMap":{},"s":{"0":3,"1":2,"2":2,"3":0,"4":0,"5":0,"6":0,"7":0,"8":0,"9":2},"f":{"0":3,"1":0,"2":0,"3":0,"4":0},"b":{},"_coverageSchema":"1a1c01bbd47fc00a2c39e90264f33305004495a9","hash":"bd72628c3514d800712b8614eb439df1574057e1"}
,"C:\\Users\\Sarah\\Documents\\Sarah Digital\\ProyectoIntegrador\\grupo-07\\Front-end\\src\\Components\\Product\\Ratings.jsx": {"path":"C:\\Users\\Sarah\\Documents\\Sarah Digital\\ProyectoIntegrador\\grupo-07\\Front-end\\src\\Components\\Product\\Ratings.jsx","statementMap":{"0":{"start":{"line":10,"column":25},"end":{"line":10,"column":41}},"1":{"start":{"line":11,"column":35},"end":{"line":11,"column":49}},"2":{"start":{"line":12,"column":35},"end":{"line":12,"column":49}},"3":{"start":{"line":13,"column":39},"end":{"line":13,"column":53}},"4":{"start":{"line":14,"column":44},"end":{"line":14,"column":58}},"5":{"start":{"line":15,"column":31},"end":{"line":15,"column":45}},"6":{"start":{"line":16,"column":12},"end":{"line":16,"column":23}},"7":{"start":{"line":18,"column":12},"end":{"line":18,"column":13}},"8":{"start":{"line":19,"column":11},"end":{"line":19,"column":12}},"9":{"start":{"line":21,"column":16},"end":{"line":32,"column":3}},"10":{"start":{"line":22,"column":25},"end":{"line":24,"column":5}},"11":{"start":{"line":26,"column":4},"end":{"line":31,"column":51}},"12":{"start":{"line":27,"column":24},"end":{"line":27,"column":39}},"13":{"start":{"line":30,"column":8},"end":{"line":30,"column":29}},"14":{"start":{"line":31,"column":22},"end":{"line":31,"column":49}},"15":{"start":{"line":33,"column":2},"end":{"line":37,"column":7}},"16":{"start":{"line":34,"column":4},"end":{"line":36,"column":5}},"17":{"start":{"line":35,"column":6},"end":{"line":35,"column":15}},"18":{"start":{"line":68,"column":17},"end":{"line":89,"column":3}},"19":{"start":{"line":70,"column":4},"end":{"line":72,"column":5}},"20":{"start":{"line":71,"column":6},"end":{"line":71,"column":23}},"21":{"start":{"line":73,"column":4},"end":{"line":75,"column":5}},"22":{"start":{"line":74,"column":6},"end":{"line":74,"column":22}},"23":{"start":{"line":76,"column":4},"end":{"line":78,"column":5}},"24":{"start":{"line":77,"column":6},"end":{"line":77,"column":21}},"25":{"start":{"line":79,"column":4},"end":{"line":81,"column":5}},"26":{"start":{"line":80,"column":6},"end":{"line":80,"column":23}},"27":{"start":{"line":82,"column":4},"end":{"line":84,"column":5}},"28":{"start":{"line":83,"column":6},"end":{"line":83,"column":24}},"29":{"start":{"line":85,"column":4},"end":{"line":87,"column":5}},"30":{"start":{"line":86,"column":6},"end":{"line":86,"column":28}},"31":{"start":{"line":90,"column":2},"end":{"line":90,"column":70}},"32":{"start":{"line":90,"column":39},"end":{"line":90,"column":69}},"33":{"start":{"line":91,"column":2},"end":{"line":91,"column":74}},"34":{"start":{"line":123,"column":2},"end":{"line":128,"column":17}},"35":{"start":{"line":124,"column":4},"end":{"line":126,"column":5}},"36":{"start":{"line":125,"column":6},"end":{"line":125,"column":20}},"37":{"start":{"line":129,"column":2},"end":{"line":167,"column":3}}},"fnMap":{"0":{"name":"Ratings","decl":{"start":{"line":9,"column":24},"end":{"line":9,"column":31}},"loc":{"start":{"line":9,"column":47},"end":{"line":168,"column":1}},"line":9},"1":{"name":"(anonymous_1)","decl":{"start":{"line":21,"column":16},"end":{"line":21,"column":17}},"loc":{"start":{"line":21,"column":20},"end":{"line":32,"column":3}},"line":21},"2":{"name":"(anonymous_2)","decl":{"start":{"line":27,"column":12},"end":{"line":27,"column":13}},"loc":{"start":{"line":27,"column":24},"end":{"line":27,"column":39}},"line":27},"3":{"name":"(anonymous_3)","decl":{"start":{"line":28,"column":12},"end":{"line":28,"column":13}},"loc":{"start":{"line":28,"column":21},"end":{"line":30,"column":30}},"line":28},"4":{"name":"(anonymous_4)","decl":{"start":{"line":31,"column":13},"end":{"line":31,"column":14}},"loc":{"start":{"line":31,"column":22},"end":{"line":31,"column":49}},"line":31},"5":{"name":"(anonymous_5)","decl":{"start":{"line":33,"column":12},"end":{"line":33,"column":13}},"loc":{"start":{"line":33,"column":16},"end":{"line":37,"column":3}},"line":33},"6":{"name":"(anonymous_6)","decl":{"start":{"line":68,"column":17},"end":{"line":68,"column":18}},"loc":{"start":{"line":68,"column":26},"end":{"line":89,"column":3}},"line":68},"7":{"name":"(anonymous_7)","decl":{"start":{"line":90,"column":36},"end":{"line":90,"column":37}},"loc":{"start":{"line":90,"column":39},"end":{"line":90,"column":69}},"line":90},"8":{"name":"(anonymous_8)","decl":{"start":{"line":123,"column":12},"end":{"line":123,"column":13}},"loc":{"start":{"line":123,"column":16},"end":{"line":128,"column":3}},"line":123}},"branchMap":{"0":{"loc":{"start":{"line":34,"column":4},"end":{"line":36,"column":5}},"type":"if","locations":[{"start":{"line":34,"column":4},"end":{"line":36,"column":5}},{"start":{},"end":{}}],"line":34},"1":{"loc":{"start":{"line":70,"column":4},"end":{"line":72,"column":5}},"type":"if","locations":[{"start":{"line":70,"column":4},"end":{"line":72,"column":5}},{"start":{},"end":{}}],"line":70},"2":{"loc":{"start":{"line":73,"column":4},"end":{"line":75,"column":5}},"type":"if","locations":[{"start":{"line":73,"column":4},"end":{"line":75,"column":5}},{"start":{},"end":{}}],"line":73},"3":{"loc":{"start":{"line":73,"column":8},"end":{"line":73,"column":30}},"type":"binary-expr","locations":[{"start":{"line":73,"column":8},"end":{"line":73,"column":18}},{"start":{"line":73,"column":22},"end":{"line":73,"column":30}}],"line":73},"4":{"loc":{"start":{"line":76,"column":4},"end":{"line":78,"column":5}},"type":"if","locations":[{"start":{"line":76,"column":4},"end":{"line":78,"column":5}},{"start":{},"end":{}}],"line":76},"5":{"loc":{"start":{"line":76,"column":8},"end":{"line":76,"column":29}},"type":"binary-expr","locations":[{"start":{"line":76,"column":8},"end":{"line":76,"column":16}},{"start":{"line":76,"column":20},"end":{"line":76,"column":29}}],"line":76},"6":{"loc":{"start":{"line":79,"column":4},"end":{"line":81,"column":5}},"type":"if","locations":[{"start":{"line":79,"column":4},"end":{"line":81,"column":5}},{"start":{},"end":{}}],"line":79},"7":{"loc":{"start":{"line":79,"column":8},"end":{"line":79,"column":29}},"type":"binary-expr","locations":[{"start":{"line":79,"column":8},"end":{"line":79,"column":16}},{"start":{"line":79,"column":20},"end":{"line":79,"column":29}}],"line":79},"8":{"loc":{"start":{"line":82,"column":4},"end":{"line":84,"column":5}},"type":"if","locations":[{"start":{"line":82,"column":4},"end":{"line":84,"column":5}},{"start":{},"end":{}}],"line":82},"9":{"loc":{"start":{"line":82,"column":8},"end":{"line":82,"column":31}},"type":"binary-expr","locations":[{"start":{"line":82,"column":8},"end":{"line":82,"column":16}},{"start":{"line":82,"column":20},"end":{"line":82,"column":31}}],"line":82},"10":{"loc":{"start":{"line":85,"column":4},"end":{"line":87,"column":5}},"type":"if","locations":[{"start":{"line":85,"column":4},"end":{"line":87,"column":5}},{"start":{},"end":{}}],"line":85},"11":{"loc":{"start":{"line":90,"column":2},"end":{"line":90,"column":70}},"type":"binary-expr","locations":[{"start":{"line":90,"column":2},"end":{"line":90,"column":19}},{"start":{"line":90,"column":21},"end":{"line":90,"column":70}}],"line":90},"12":{"loc":{"start":{"line":91,"column":2},"end":{"line":91,"column":73}},"type":"binary-expr","locations":[{"start":{"line":91,"column":2},"end":{"line":91,"column":19}},{"start":{"line":91,"column":22},"end":{"line":91,"column":72}}],"line":91},"13":{"loc":{"start":{"line":124,"column":4},"end":{"line":126,"column":5}},"type":"if","locations":[{"start":{"line":124,"column":4},"end":{"line":126,"column":5}},{"start":{},"end":{}}],"line":124}},"s":{"0":5,"1":5,"2":5,"3":5,"4":5,"5":5,"6":5,"7":5,"8":5,"9":5,"10":1,"11":1,"12":0,"13":0,"14":0,"15":5,"16":1,"17":1,"18":5,"19":0,"20":0,"21":0,"22":0,"23":0,"24":0,"25":0,"26":0,"27":0,"28":0,"29":0,"30":0,"31":5,"32":0,"33":5,"34":5,"35":1,"36":0,"37":5},"f":{"0":5,"1":1,"2":0,"3":0,"4":0,"5":1,"6":0,"7":0,"8":1},"b":{"0":[1,0],"1":[0,0],"2":[0,0],"3":[0,0],"4":[0,0],"5":[0,0],"6":[0,0],"7":[0,0],"8":[0,0],"9":[0,0],"10":[0,0],"11":[5,0],"12":[5,0],"13":[0,1]},"_coverageSchema":"1a1c01bbd47fc00a2c39e90264f33305004495a9","hash":"bb96408f619c08263c8d503f3808b1ac1353076c"}
,"C:\\Users\\Sarah\\Documents\\Sarah Digital\\ProyectoIntegrador\\grupo-07\\Front-end\\src\\Components\\Product\\Ubication.jsx": {"path":"C:\\Users\\Sarah\\Documents\\Sarah Digital\\ProyectoIntegrador\\grupo-07\\Front-end\\src\\Components\\Product\\Ubication.jsx","statementMap":{"0":{"start":{"line":7,"column":4},"end":{"line":22,"column":5}}},"fnMap":{"0":{"name":"Ubication","decl":{"start":{"line":6,"column":24},"end":{"line":6,"column":33}},"loc":{"start":{"line":6,"column":49},"end":{"line":23,"column":1}},"line":6}},"branchMap":{},"s":{"0":4},"f":{"0":4},"b":{},"_coverageSchema":"1a1c01bbd47fc00a2c39e90264f33305004495a9","hash":"bdb8fa77df0cf64e18183f36a0e0203d22772a94"}
,"C:\\Users\\Sarah\\Documents\\Sarah Digital\\ProyectoIntegrador\\grupo-07\\Front-end\\src\\Components\\Product\\maps\\Maps.jsx": {"path":"C:\\Users\\Sarah\\Documents\\Sarah Digital\\ProyectoIntegrador\\grupo-07\\Front-end\\src\\Components\\Product\\maps\\Maps.jsx","statementMap":{"0":{"start":{"line":12,"column":0},"end":{"line":39,"column":3}}},"fnMap":{"0":{"name":"Maps","decl":{"start":{"line":6,"column":24},"end":{"line":6,"column":28}},"loc":{"start":{"line":6,"column":53},"end":{"line":40,"column":1}},"line":6}},"branchMap":{"0":{"loc":{"start":{"line":14,"column":7},"end":{"line":19,"column":14}},"type":"binary-expr","locations":[{"start":{"line":14,"column":8},"end":{"line":14,"column":31}},{"start":{"line":14,"column":33},"end":{"line":14,"column":51}},{"start":{"line":15,"column":4},"end":{"line":19,"column":14}}],"line":14},"1":{"loc":{"start":{"line":21,"column":7},"end":{"line":24,"column":14}},"type":"binary-expr","locations":[{"start":{"line":21,"column":7},"end":{"line":21,"column":21}},{"start":{"line":21,"column":23},"end":{"line":24,"column":14}}],"line":21},"2":{"loc":{"start":{"line":28,"column":6},"end":{"line":35,"column":2}},"type":"binary-expr","locations":[{"start":{"line":28,"column":7},"end":{"line":28,"column":30}},{"start":{"line":28,"column":32},"end":{"line":28,"column":50}},{"start":{"line":29,"column":8},"end":{"line":35,"column":2}}],"line":28}},"s":{"0":2},"f":{"0":2},"b":{"0":[2,2,0],"1":[2,0],"2":[2,2,0]},"_coverageSchema":"1a1c01bbd47fc00a2c39e90264f33305004495a9","hash":"df023b811150e1b85e0f9daa74dd98959ea8192b"}
,"C:\\Users\\Sarah\\Documents\\Sarah Digital\\ProyectoIntegrador\\grupo-07\\Front-end\\src\\Components\\Product\\maps\\MapsBlock.jsx": {"path":"C:\\Users\\Sarah\\Documents\\Sarah Digital\\ProyectoIntegrador\\grupo-07\\Front-end\\src\\Components\\Product\\maps\\MapsBlock.jsx","statementMap":{"0":{"start":{"line":9,"column":35},"end":{"line":9,"column":46}},"1":{"start":{"line":11,"column":2},"end":{"line":30,"column":3}}},"fnMap":{"0":{"name":"MapsBlock","decl":{"start":{"line":8,"column":24},"end":{"line":8,"column":33}},"loc":{"start":{"line":8,"column":51},"end":{"line":31,"column":1}},"line":8}},"branchMap":{},"s":{"0":2,"1":2},"f":{"0":2},"b":{},"_coverageSchema":"1a1c01bbd47fc00a2c39e90264f33305004495a9","hash":"5bd968aec92b79cdb6c4197485ee736c68ce7021"}
}
