TN:
SF:src\Components\Administration\Carousel.jsx
FN:9,Carousel
FN:14,(anonymous_1)
FN:21,(anonymous_2)
FN:22,(anonymous_3)
FN:26,(anonymous_4)
FN:29,(anonymous_5)
FN:38,(anonymous_6)
FN:40,(anonymous_7)
FN:42,(anonymous_8)
FN:61,(anonymous_9)
FN:64,(anonymous_10)
FN:71,(anonymous_11)
FNF:12
FNH:0
FNDA:0,Carousel
FNDA:0,(anonymous_1)
FNDA:0,(anonymous_2)
FNDA:0,(anonymous_3)
FNDA:0,(anonymous_4)
FNDA:0,(anonymous_5)
FNDA:0,(anonymous_6)
FNDA:0,(anonymous_7)
FNDA:0,(anonymous_8)
FNDA:0,(anonymous_9)
FNDA:0,(anonymous_10)
FNDA:0,(anonymous_11)
DA:10,0
DA:14,0
DA:15,0
DA:20,0
DA:21,0
DA:23,0
DA:26,0
DA:29,0
DA:30,0
DA:34,0
DA:36,0
DA:38,0
DA:40,0
DA:41,0
DA:42,0
DA:46,0
DA:58,0
DA:61,0
DA:64,0
DA:72,0
LF:20
LH:0
BRDA:51,0,0,0
BRDA:51,0,1,0
BRDA:68,1,0,0
BRDA:68,1,1,0
BRF:4
BRH:0
end_of_record
TN:
SF:src\Components\Administration\FeaturesAdmin.jsx
FN:24,FeaturesAdmin
FN:33,(anonymous_1)
FNF:2
FNH:0
FNDA:0,FeaturesAdmin
FNDA:0,(anonymous_1)
DA:25,0
DA:26,0
DA:29,0
DA:34,0
DA:36,0
DA:44,0
DA:47,0
DA:56,0
DA:58,0
DA:66,0
DA:68,0
DA:76,0
DA:78,0
DA:86,0
DA:88,0
DA:96,0
DA:98,0
DA:106,0
DA:108,0
DA:116,0
DA:118,0
DA:126,0
DA:128,0
DA:136,0
DA:138,0
DA:146,0
DA:148,0
DA:156,0
DA:158,0
DA:166,0
DA:168,0
DA:176,0
DA:178,0
DA:187,0
DA:189,0
DA:197,0
DA:199,0
DA:208,0
DA:210,0
DA:218,0
DA:220,0
DA:228,0
DA:230,0
DA:239,0
LF:44
LH:0
BRDA:25,0,0,0
BRDA:25,0,1,0
BRDA:32,1,0,0
BRDA:32,1,1,0
BRDA:34,2,0,0
BRDA:34,2,1,0
BRDA:34,2,2,0
BRDA:34,2,3,0
BRDA:34,2,4,0
BRDA:34,2,5,0
BRDA:34,2,6,0
BRDA:34,2,7,0
BRDA:34,2,8,0
BRDA:34,2,9,0
BRDA:34,2,10,0
BRDA:34,2,11,0
BRDA:34,2,12,0
BRDA:34,2,13,0
BRDA:34,2,14,0
BRDA:34,2,15,0
BRDA:34,2,16,0
BRDA:34,2,17,0
BRDA:34,2,18,0
BRDA:34,2,19,0
BRF:24
BRH:0
end_of_record
TN:
SF:src\Components\Administration\FirstForm.jsx
FN:5,FirstForm
FN:17,(anonymous_1)
FN:56,(anonymous_2)
FN:58,(anonymous_3)
FN:60,(anonymous_4)
FN:62,(anonymous_5)
FN:64,(anonymous_6)
FN:66,(anonymous_7)
FN:68,(anonymous_8)
FN:70,(anonymous_9)
FN:72,(anonymous_10)
FN:88,(anonymous_11)
FN:96,(anonymous_12)
FN:104,(anonymous_13)
FN:111,(anonymous_14)
FN:118,(anonymous_15)
FN:125,(anonymous_16)
FN:132,(anonymous_17)
FN:139,(anonymous_18)
FN:146,(anonymous_19)
FN:154,(anonymous_20)
FNF:21
FNH:0
FNDA:0,FirstForm
FNDA:0,(anonymous_1)
FNDA:0,(anonymous_2)
FNDA:0,(anonymous_3)
FNDA:0,(anonymous_4)
FNDA:0,(anonymous_5)
FNDA:0,(anonymous_6)
FNDA:0,(anonymous_7)
FNDA:0,(anonymous_8)
FNDA:0,(anonymous_9)
FNDA:0,(anonymous_10)
FNDA:0,(anonymous_11)
FNDA:0,(anonymous_12)
FNDA:0,(anonymous_13)
FNDA:0,(anonymous_14)
FNDA:0,(anonymous_15)
FNDA:0,(anonymous_16)
FNDA:0,(anonymous_17)
FNDA:0,(anonymous_18)
FNDA:0,(anonymous_19)
FNDA:0,(anonymous_20)
DA:6,0
DA:7,0
DA:8,0
DA:9,0
DA:10,0
DA:11,0
DA:12,0
DA:13,0
DA:14,0
DA:15,0
DA:17,0
DA:18,0
DA:19,0
DA:31,0
DA:32,0
DA:38,0
DA:39,0
DA:40,0
DA:41,0
DA:42,0
DA:43,0
DA:44,0
DA:45,0
DA:46,0
DA:48,0
DA:56,0
DA:57,0
DA:58,0
DA:59,0
DA:60,0
DA:61,0
DA:62,0
DA:63,0
DA:64,0
DA:65,0
DA:66,0
DA:67,0
DA:68,0
DA:69,0
DA:70,0
DA:71,0
DA:72,0
DA:73,0
DA:76,0
DA:88,0
DA:89,0
DA:90,0
DA:92,0
DA:96,0
DA:97,0
DA:98,0
DA:100,0
DA:104,0
DA:105,0
DA:106,0
DA:108,0
DA:111,0
DA:112,0
DA:113,0
DA:115,0
DA:118,0
DA:119,0
DA:120,0
DA:122,0
DA:125,0
DA:126,0
DA:127,0
DA:129,0
DA:132,0
DA:133,0
DA:134,0
DA:136,0
DA:139,0
DA:140,0
DA:141,0
DA:143,0
DA:146,0
DA:147,0
DA:148,0
DA:150,0
DA:154,0
DA:155,0
DA:171,0
DA:173,0
DA:177,0
LF:85
LH:0
BRDA:31,0,0,0
BRDA:31,0,1,0
BRDA:89,1,0,0
BRDA:89,1,1,0
BRDA:97,2,0,0
BRDA:97,2,1,0
BRDA:105,3,0,0
BRDA:105,3,1,0
BRDA:112,4,0,0
BRDA:112,4,1,0
BRDA:119,5,0,0
BRDA:119,5,1,0
BRDA:126,6,0,0
BRDA:126,6,1,0
BRDA:133,7,0,0
BRDA:133,7,1,0
BRDA:140,8,0,0
BRDA:140,8,1,0
BRDA:147,9,0,0
BRDA:147,9,1,0
BRDA:155,10,0,0
BRDA:155,10,1,0
BRDA:156,11,0,0
BRDA:156,11,1,0
BRDA:156,11,2,0
BRDA:156,11,3,0
BRDA:156,11,4,0
BRDA:156,11,5,0
BRDA:156,11,6,0
BRDA:156,11,7,0
BRDA:156,11,8,0
BRDA:156,11,9,0
BRDA:156,11,10,0
BRDA:156,11,11,0
BRDA:156,11,12,0
BRDA:156,11,13,0
BRDA:185,12,0,0
BRDA:185,12,1,0
BRDA:194,13,0,0
BRDA:194,13,1,0
BRDA:206,14,0,0
BRDA:206,14,1,0
BRDA:216,15,0,0
BRDA:216,15,1,0
BRDA:228,16,0,0
BRDA:228,16,1,0
BRDA:237,17,0,0
BRDA:237,17,1,0
BRDA:248,18,0,0
BRDA:248,18,1,0
BRDA:260,19,0,0
BRDA:260,19,1,0
BRDA:271,20,0,0
BRDA:271,20,1,0
BRDA:283,21,0,0
BRDA:283,21,1,0
BRDA:294,22,0,0
BRDA:294,22,1,0
BRDA:306,23,0,0
BRDA:306,23,1,0
BRDA:318,24,0,0
BRDA:318,24,1,0
BRDA:330,25,0,0
BRDA:330,25,1,0
BRDA:341,26,0,0
BRDA:341,26,1,0
BRDA:353,27,0,0
BRDA:353,27,1,0
BRDA:364,28,0,0
BRDA:364,28,1,0
BRDA:375,29,0,0
BRDA:375,29,1,0
BRF:72
BRH:0
end_of_record
TN:
SF:src\Components\Administration\FormImg.jsx
FN:3,FormImg
FN:9,(anonymous_1)
FN:34,(anonymous_2)
FNF:3
FNH:0
FNDA:0,FormImg
FNDA:0,(anonymous_1)
FNDA:0,(anonymous_2)
DA:4,0
DA:5,0
DA:6,0
DA:9,0
DA:10,0
DA:13,0
DA:20,0
DA:23,0
DA:34,0
LF:9
LH:0
BRDA:28,0,0,0
BRDA:28,0,1,0
BRDA:39,1,0,0
BRDA:39,1,1,0
BRF:4
BRH:0
end_of_record
TN:
SF:src\Components\Administration\ForthProduct.jsx
FN:6,ForthProduct
FN:11,(anonymous_1)
FNF:2
FNH:0
FNDA:0,ForthProduct
FNDA:0,(anonymous_1)
DA:8,0
DA:9,0
DA:11,0
DA:12,0
DA:15,0
LF:5
LH:0
BRF:0
BRH:0
end_of_record
TN:
SF:src\Components\Administration\ProductAdmin.jsx
FN:11,ProductAdmin
FN:13,(anonymous_1)
FNF:2
FNH:0
FNDA:0,ProductAdmin
FNDA:0,(anonymous_1)
DA:12,0
DA:13,0
DA:14,0
DA:16,0
DA:17,0
DA:27,0
LF:6
LH:0
BRF:0
BRH:0
end_of_record
TN:
SF:src\Components\Administration\TaskImg.jsx
FN:6,TaskImg
FN:12,(anonymous_1)
FN:16,(anonymous_2)
FN:24,(anonymous_3)
FN:25,(anonymous_4)
FN:30,(anonymous_5)
FNF:6
FNH:0
FNDA:0,TaskImg
FNDA:0,(anonymous_1)
FNDA:0,(anonymous_2)
FNDA:0,(anonymous_3)
FNDA:0,(anonymous_4)
FNDA:0,(anonymous_5)
DA:7,0
DA:12,0
DA:13,0
DA:16,0
DA:20,0
DA:24,0
DA:25,0
DA:26,0
DA:30,0
DA:31,0
DA:33,0
LF:11
LH:0
BRDA:18,0,0,0
BRDA:18,0,1,0
BRDA:36,1,0,0
BRDA:36,1,1,0
BRDA:38,2,0,0
BRDA:38,2,1,0
BRF:6
BRH:0
end_of_record
TN:
SF:src\Components\Context\ContextProduct.jsx
FN:6,(anonymous_0)
FN:7,(anonymous_1)
FN:16,(anonymous_2)
FN:22,(anonymous_3)
FN:26,(anonymous_4)
FN:28,(anonymous_5)
FN:49,(anonymous_6)
FN:168,(anonymous_7)
FN:277,(anonymous_8)
FN:305,(anonymous_9)
FN:311,(anonymous_10)
FN:312,(anonymous_11)
FN:317,(anonymous_12)
FN:319,(anonymous_13)
FN:331,(anonymous_14)
FN:332,(anonymous_15)
FN:350,(anonymous_16)
FN:361,(anonymous_17)
FN:362,(anonymous_18)
FN:385,(anonymous_19)
FN:397,(anonymous_20)
FN:398,(anonymous_21)
FN:415,(anonymous_22)
FN:427,(anonymous_23)
FN:428,(anonymous_24)
FN:458,(anonymous_25)
FN:469,(anonymous_26)
FN:470,(anonymous_27)
FN:499,(anonymous_28)
FN:513,(anonymous_29)
FN:514,(anonymous_30)
FN:541,(anonymous_31)
FN:554,(anonymous_32)
FN:555,(anonymous_33)
FN:589,(anonymous_34)
FN:590,(anonymous_35)
FN:618,(anonymous_36)
FN:621,(anonymous_37)
FN:631,(anonymous_38)
FN:635,(anonymous_39)
FN:643,(anonymous_40)
FN:644,(anonymous_41)
FN:651,(anonymous_42)
FN:652,(anonymous_43)
FN:656,(anonymous_44)
FNF:45
FNH:0
FNDA:0,(anonymous_0)
FNDA:0,(anonymous_1)
FNDA:0,(anonymous_2)
FNDA:0,(anonymous_3)
FNDA:0,(anonymous_4)
FNDA:0,(anonymous_5)
FNDA:0,(anonymous_6)
FNDA:0,(anonymous_7)
FNDA:0,(anonymous_8)
FNDA:0,(anonymous_9)
FNDA:0,(anonymous_10)
FNDA:0,(anonymous_11)
FNDA:0,(anonymous_12)
FNDA:0,(anonymous_13)
FNDA:0,(anonymous_14)
FNDA:0,(anonymous_15)
FNDA:0,(anonymous_16)
FNDA:0,(anonymous_17)
FNDA:0,(anonymous_18)
FNDA:0,(anonymous_19)
FNDA:0,(anonymous_20)
FNDA:0,(anonymous_21)
FNDA:0,(anonymous_22)
FNDA:0,(anonymous_23)
FNDA:0,(anonymous_24)
FNDA:0,(anonymous_25)
FNDA:0,(anonymous_26)
FNDA:0,(anonymous_27)
FNDA:0,(anonymous_28)
FNDA:0,(anonymous_29)
FNDA:0,(anonymous_30)
FNDA:0,(anonymous_31)
FNDA:0,(anonymous_32)
FNDA:0,(anonymous_33)
FNDA:0,(anonymous_34)
FNDA:0,(anonymous_35)
FNDA:0,(anonymous_36)
FNDA:0,(anonymous_37)
FNDA:0,(anonymous_38)
FNDA:0,(anonymous_39)
FNDA:0,(anonymous_40)
FNDA:0,(anonymous_41)
FNDA:0,(anonymous_42)
FNDA:0,(anonymous_43)
FNDA:0,(anonymous_44)
DA:4,12
DA:6,12
DA:7,0
DA:8,0
DA:9,0
DA:10,0
DA:12,0
DA:16,0
DA:17,0
DA:22,0
DA:23,0
DA:26,0
DA:27,0
DA:28,0
DA:34,0
DA:35,0
DA:39,0
DA:40,0
DA:43,0
DA:44,0
DA:45,0
DA:46,0
DA:47,0
DA:48,0
DA:49,0
DA:50,0
DA:51,0
DA:52,0
DA:54,0
DA:55,0
DA:56,0
DA:57,0
DA:58,0
DA:61,0
DA:62,0
DA:64,0
DA:65,0
DA:66,0
DA:67,0
DA:68,0
DA:71,0
DA:72,0
DA:74,0
DA:75,0
DA:76,0
DA:77,0
DA:78,0
DA:81,0
DA:82,0
DA:84,0
DA:85,0
DA:86,0
DA:87,0
DA:88,0
DA:92,0
DA:93,0
DA:95,0
DA:96,0
DA:97,0
DA:98,0
DA:99,0
DA:101,0
DA:102,0
DA:104,0
DA:105,0
DA:106,0
DA:107,0
DA:108,0
DA:110,0
DA:111,0
DA:113,0
DA:114,0
DA:115,0
DA:116,0
DA:117,0
DA:119,0
DA:120,0
DA:122,0
DA:123,0
DA:124,0
DA:125,0
DA:126,0
DA:128,0
DA:129,0
DA:131,0
DA:132,0
DA:133,0
DA:134,0
DA:135,0
DA:138,0
DA:139,0
DA:141,0
DA:142,0
DA:143,0
DA:144,0
DA:145,0
DA:147,0
DA:148,0
DA:150,0
DA:151,0
DA:152,0
DA:153,0
DA:154,0
DA:156,0
DA:157,0
DA:159,0
DA:160,0
DA:161,0
DA:162,0
DA:163,0
DA:168,0
DA:169,0
DA:170,0
DA:171,0
DA:172,0
DA:174,0
DA:175,0
DA:177,0
DA:180,0
DA:181,0
DA:182,0
DA:184,0
DA:185,0
DA:186,0
DA:188,0
DA:191,0
DA:192,0
DA:193,0
DA:195,0
DA:196,0
DA:197,0
DA:199,0
DA:202,0
DA:203,0
DA:204,0
DA:206,0
DA:207,0
DA:209,0
DA:212,0
DA:213,0
DA:215,0
DA:217,0
DA:218,0
DA:220,0
DA:221,0
DA:223,0
DA:224,0
DA:226,0
DA:227,0
DA:229,0
DA:230,0
DA:232,0
DA:233,0
DA:234,0
DA:235,0
DA:237,0
DA:238,0
DA:240,0
DA:242,0
DA:243,0
DA:245,0
DA:246,0
DA:248,0
DA:250,0
DA:251,0
DA:253,0
DA:254,0
DA:256,0
DA:257,0
DA:258,0
DA:259,0
DA:261,0
DA:262,0
DA:263,0
DA:264,0
DA:265,0
DA:266,0
DA:268,0
DA:269,0
DA:270,0
DA:272,0
DA:273,0
DA:277,0
DA:279,0
DA:283,0
DA:301,0
DA:305,0
DA:306,0
DA:310,0
DA:311,0
DA:314,0
DA:317,0
DA:319,0
DA:320,0
DA:321,0
DA:323,0
DA:325,0
DA:330,0
DA:331,0
DA:334,0
DA:336,0
DA:337,0
DA:338,0
DA:339,0
DA:340,0
DA:346,0
DA:347,0
DA:350,0
DA:352,0
DA:354,0
DA:355,0
DA:360,0
DA:361,0
DA:364,0
DA:368,0
DA:369,0
DA:370,0
DA:371,0
DA:372,0
DA:373,0
DA:380,0
DA:381,0
DA:385,0
DA:387,0
DA:388,0
DA:389,0
DA:390,0
DA:391,0
DA:396,0
DA:397,0
DA:399,0
DA:400,0
DA:401,0
DA:402,0
DA:403,0
DA:404,0
DA:405,0
DA:406,0
DA:412,0
DA:415,0
DA:418,0
DA:419,0
DA:421,0
DA:426,0
DA:427,0
DA:429,0
DA:430,0
DA:431,0
DA:432,0
DA:436,0
DA:438,0
DA:439,0
DA:440,0
DA:441,0
DA:443,0
DA:444,0
DA:445,0
DA:446,0
DA:448,0
DA:455,0
DA:458,0
DA:461,0
DA:462,0
DA:463,0
DA:468,0
DA:469,0
DA:472,0
DA:476,0
DA:477,0
DA:478,0
DA:479,0
DA:480,0
DA:482,0
DA:483,0
DA:484,0
DA:485,0
DA:489,0
DA:496,0
DA:499,0
DA:502,0
DA:503,0
DA:507,0
DA:512,0
DA:513,0
DA:515,0
DA:517,0
DA:519,0
DA:520,0
DA:521,0
DA:522,0
DA:524,0
DA:525,0
DA:526,0
DA:527,0
DA:531,0
DA:532,0
DA:538,0
DA:541,0
DA:543,0
DA:546,0
DA:548,0
DA:553,0
DA:554,0
DA:556,0
DA:557,0
DA:558,0
DA:559,0
DA:563,0
DA:565,0
DA:566,0
DA:567,0
DA:568,0
DA:570,0
DA:571,0
DA:572,0
DA:573,0
DA:575,0
DA:582,0
DA:583,0
DA:588,0
DA:589,0
DA:591,0
DA:592,0
DA:593,0
DA:594,0
DA:595,0
DA:597,0
DA:598,0
DA:599,0
DA:600,0
DA:602,0
DA:603,0
DA:604,0
DA:605,0
DA:608,0
DA:609,0
DA:615,0
DA:618,0
DA:621,0
DA:625,0
DA:626,0
DA:627,0
DA:631,0
DA:632,0
DA:635,0
DA:641,0
DA:642,0
DA:643,0
DA:644,0
DA:645,0
DA:650,0
DA:651,0
DA:653,0
DA:654,0
DA:656,0
DA:658,0
DA:660,0
DA:663,0
DA:666,0
DA:667,0
DA:668,0
DA:669,0
DA:670,0
DA:672,0
DA:673,0
DA:674,0
DA:715,0
DA:716,0
DA:718,0
DA:719,0
DA:720,0
DA:725,0
DA:726,0
DA:730,0
LF:374
LH:2
BRDA:10,0,0,0
BRDA:10,0,1,0
BRDA:51,1,0,0
BRDA:51,1,1,0
BRDA:51,2,0,0
BRDA:51,2,1,0
BRDA:51,2,2,0
BRDA:61,3,0,0
BRDA:61,3,1,0
BRDA:61,4,0,0
BRDA:61,4,1,0
BRDA:61,4,2,0
BRDA:71,5,0,0
BRDA:71,5,1,0
BRDA:71,6,0,0
BRDA:71,6,1,0
BRDA:71,6,2,0
BRDA:81,7,0,0
BRDA:81,7,1,0
BRDA:81,8,0,0
BRDA:81,8,1,0
BRDA:81,8,2,0
BRDA:92,9,0,0
BRDA:92,9,1,0
BRDA:92,10,0,0
BRDA:92,10,1,0
BRDA:92,10,2,0
BRDA:101,11,0,0
BRDA:101,11,1,0
BRDA:101,12,0,0
BRDA:101,12,1,0
BRDA:101,12,2,0
BRDA:110,13,0,0
BRDA:110,13,1,0
BRDA:110,14,0,0
BRDA:110,14,1,0
BRDA:110,14,2,0
BRDA:119,15,0,0
BRDA:119,15,1,0
BRDA:119,16,0,0
BRDA:119,16,1,0
BRDA:119,16,2,0
BRDA:128,17,0,0
BRDA:128,17,1,0
BRDA:128,18,0,0
BRDA:128,18,1,0
BRDA:128,18,2,0
BRDA:128,18,3,0
BRDA:138,19,0,0
BRDA:138,19,1,0
BRDA:138,20,0,0
BRDA:138,20,1,0
BRDA:138,20,2,0
BRDA:138,20,3,0
BRDA:147,21,0,0
BRDA:147,21,1,0
BRDA:147,22,0,0
BRDA:147,22,1,0
BRDA:147,22,2,0
BRDA:147,22,3,0
BRDA:156,23,0,0
BRDA:156,23,1,0
BRDA:156,24,0,0
BRDA:156,24,1,0
BRDA:156,24,2,0
BRDA:156,24,3,0
BRDA:170,25,0,0
BRDA:170,25,1,0
BRDA:170,26,0,0
BRDA:170,26,1,0
BRDA:170,26,2,0
BRDA:180,27,0,0
BRDA:180,27,1,0
BRDA:180,28,0,0
BRDA:180,28,1,0
BRDA:180,28,2,0
BRDA:191,29,0,0
BRDA:191,29,1,0
BRDA:191,30,0,0
BRDA:191,30,1,0
BRDA:191,30,2,0
BRDA:202,31,0,0
BRDA:202,31,1,0
BRDA:202,32,0,0
BRDA:202,32,1,0
BRDA:202,32,2,0
BRDA:212,33,0,0
BRDA:212,33,1,0
BRDA:212,34,0,0
BRDA:212,34,1,0
BRDA:212,34,2,0
BRDA:220,35,0,0
BRDA:220,35,1,0
BRDA:220,36,0,0
BRDA:220,36,1,0
BRDA:220,36,2,0
BRDA:229,37,0,0
BRDA:229,37,1,0
BRDA:229,38,0,0
BRDA:229,38,1,0
BRDA:229,38,2,0
BRDA:237,39,0,0
BRDA:237,39,1,0
BRDA:237,40,0,0
BRDA:237,40,1,0
BRDA:237,40,2,0
BRDA:245,41,0,0
BRDA:245,41,1,0
BRDA:245,42,0,0
BRDA:245,42,1,0
BRDA:245,42,2,0
BRDA:245,42,3,0
BRDA:253,43,0,0
BRDA:253,43,1,0
BRDA:253,44,0,0
BRDA:253,44,1,0
BRDA:253,44,2,0
BRDA:253,44,3,0
BRDA:261,45,0,0
BRDA:261,45,1,0
BRDA:261,46,0,0
BRDA:261,46,1,0
BRDA:261,46,2,0
BRDA:261,46,3,0
BRDA:268,47,0,0
BRDA:268,47,1,0
BRDA:268,48,0,0
BRDA:268,48,1,0
BRDA:268,48,2,0
BRDA:268,48,3,0
BRDA:321,49,0,0
BRDA:321,49,1,0
BRDA:321,50,0,0
BRDA:321,50,1,0
BRDA:321,50,2,0
BRDA:334,51,0,0
BRDA:334,51,1,0
BRDA:352,52,0,0
BRDA:352,52,1,0
BRDA:352,53,0,0
BRDA:352,53,1,0
BRDA:352,53,2,0
BRDA:364,54,0,0
BRDA:364,54,1,0
BRDA:387,55,0,0
BRDA:387,55,1,0
BRDA:387,56,0,0
BRDA:387,56,1,0
BRDA:387,56,2,0
BRDA:401,57,0,0
BRDA:401,57,1,0
BRDA:418,58,0,0
BRDA:418,58,1,0
BRDA:418,59,0,0
BRDA:418,59,1,0
BRDA:418,59,2,0
BRDA:432,60,0,0
BRDA:432,60,1,0
BRDA:439,61,0,0
BRDA:439,61,1,0
BRDA:443,62,0,0
BRDA:443,62,1,0
BRDA:461,63,0,0
BRDA:461,63,1,0
BRDA:461,64,0,0
BRDA:461,64,1,0
BRDA:461,64,2,0
BRDA:472,65,0,0
BRDA:472,65,1,0
BRDA:478,66,0,0
BRDA:478,66,1,0
BRDA:482,67,0,0
BRDA:482,67,1,0
BRDA:502,68,0,0
BRDA:502,68,1,0
BRDA:502,69,0,0
BRDA:502,69,1,0
BRDA:502,69,2,0
BRDA:517,70,0,0
BRDA:517,70,1,0
BRDA:519,71,0,0
BRDA:519,71,1,0
BRDA:524,72,0,0
BRDA:524,72,1,0
BRDA:543,73,0,0
BRDA:543,73,1,0
BRDA:543,74,0,0
BRDA:543,74,1,0
BRDA:543,74,2,0
BRDA:559,75,0,0
BRDA:559,75,1,0
BRDA:566,76,0,0
BRDA:566,76,1,0
BRDA:570,77,0,0
BRDA:570,77,1,0
BRDA:592,78,0,0
BRDA:592,78,1,0
BRDA:593,79,0,0
BRDA:593,79,1,0
BRDA:597,80,0,0
BRDA:597,80,1,0
BRDA:602,81,0,0
BRDA:602,81,1,0
BRDA:625,82,0,0
BRDA:625,82,1,0
BRDA:625,83,0,0
BRDA:625,83,1,0
BRDA:625,83,2,0
BRDA:650,84,0,0
BRDA:650,84,1,0
BRF:210
BRH:0
end_of_record
TN:
SF:src\Components\Main\FeatureList.jsx
FN:14,FeatureList
FN:20,(anonymous_1)
FNF:2
FNH:0
FNDA:0,FeatureList
FNDA:0,(anonymous_1)
DA:17,0
DA:21,0
DA:23,0
DA:24,0
DA:27,0
DA:28,0
DA:31,0
DA:32,0
DA:35,0
DA:36,0
DA:39,0
DA:40,0
DA:43,0
DA:44,0
DA:47,0
DA:48,0
DA:51,0
DA:52,0
DA:55,0
DA:56,0
DA:59,0
DA:60,0
DA:63,0
DA:64,0
DA:67,0
DA:68,0
DA:71,0
DA:72,0
DA:75,0
DA:76,0
DA:79,0
DA:80,0
DA:83,0
DA:84,0
DA:87,0
DA:88,0
DA:91,0
DA:92,0
DA:95,0
DA:96,0
DA:99,0
DA:100,0
LF:42
LH:0
BRDA:20,0,0,0
BRDA:20,0,1,0
BRDA:21,1,0,0
BRDA:21,1,1,0
BRDA:21,1,2,0
BRDA:21,1,3,0
BRDA:21,1,4,0
BRDA:21,1,5,0
BRDA:21,1,6,0
BRDA:21,1,7,0
BRDA:21,1,8,0
BRDA:21,1,9,0
BRDA:21,1,10,0
BRDA:21,1,11,0
BRDA:21,1,12,0
BRDA:21,1,13,0
BRDA:21,1,14,0
BRDA:21,1,15,0
BRDA:21,1,16,0
BRDA:21,1,17,0
BRDA:21,1,18,0
BRDA:21,1,19,0
BRF:22
BRH:0
end_of_record
TN:
SF:src\Components\Main\Main.jsx
FN:6,Main
FNF:1
FNH:1
FNDA:3,Main
DA:7,3
LF:1
LH:1
BRF:0
BRH:0
end_of_record
TN:
SF:src\Components\Main\BlockSearch\DefaultValue.jsx
FN:3,DefaultValue
FNF:1
FNH:1
FNDA:1,DefaultValue
DA:4,1
LF:1
LH:1
BRF:0
BRH:0
end_of_record
TN:
SF:src\Components\Main\BlockSearch\SelectorCity.jsx
FN:9,SelectorCity
FN:14,(anonymous_1)
FN:26,(anonymous_2)
FN:27,(anonymous_3)
FN:29,(anonymous_4)
FN:32,(anonymous_5)
FN:37,(anonymous_6)
FN:43,(anonymous_7)
FN:49,(anonymous_8)
FN:54,(anonymous_9)
FN:59,(anonymous_10)
FN:63,(anonymous_11)
FN:67,(anonymous_12)
FN:73,(anonymous_13)
FN:88,(anonymous_14)
FN:91,(anonymous_15)
FN:109,(anonymous_16)
FNF:17
FNH:1
FNDA:27,SelectorCity
FNDA:0,(anonymous_1)
FNDA:0,(anonymous_2)
FNDA:0,(anonymous_3)
FNDA:0,(anonymous_4)
FNDA:0,(anonymous_5)
FNDA:0,(anonymous_6)
FNDA:0,(anonymous_7)
FNDA:0,(anonymous_8)
FNDA:0,(anonymous_9)
FNDA:0,(anonymous_10)
FNDA:0,(anonymous_11)
FNDA:0,(anonymous_12)
FNDA:0,(anonymous_13)
FNDA:0,(anonymous_14)
FNDA:0,(anonymous_15)
FNDA:0,(anonymous_16)
DA:11,27
DA:12,24
DA:14,0
DA:17,0
DA:22,0
DA:26,0
DA:27,0
DA:29,0
DA:32,0
DA:33,0
DA:36,0
DA:37,0
DA:43,0
DA:49,0
DA:54,0
DA:59,0
DA:63,0
DA:67,0
DA:73,0
DA:74,0
DA:75,0
DA:81,0
DA:82,0
DA:87,0
DA:88,0
DA:89,0
DA:91,0
DA:92,0
DA:93,0
DA:96,0
DA:97,0
DA:99,0
DA:101,0
DA:109,0
LF:34
LH:2
BRDA:40,0,0,0
BRDA:40,0,1,0
BRDA:92,1,0,0
BRDA:92,1,1,0
BRDA:95,2,0,0
BRDA:95,2,1,0
BRDA:96,3,0,0
BRDA:96,3,1,0
BRDA:103,4,0,0
BRDA:103,4,1,0
BRF:10
BRH:0
end_of_record
TN:
SF:src\Components\Main\Card\Card.jsx
FN:5,Card
FN:16,(anonymous_1)
FNF:2
FNH:1
FNDA:5,Card
FNDA:0,(anonymous_1)
DA:6,5
DA:9,0
DA:12,0
DA:16,0
LF:4
LH:1
BRF:0
BRH:0
end_of_record
TN:
SF:src\Components\Main\Card\List.jsx
FN:7,List
FN:14,(anonymous_1)
FN:21,(anonymous_2)
FN:22,(anonymous_3)
FN:23,(anonymous_4)
FN:27,(anonymous_5)
FN:35,(anonymous_6)
FN:47,(anonymous_7)
FNF:8
FNH:3
FNDA:8,List
FNDA:1,(anonymous_1)
FNDA:0,(anonymous_2)
FNDA:0,(anonymous_3)
FNDA:0,(anonymous_4)
FNDA:1,(anonymous_5)
FNDA:0,(anonymous_6)
FNDA:0,(anonymous_7)
DA:8,8
DA:14,7
DA:15,1
DA:20,1
DA:21,0
DA:22,0
DA:23,0
DA:27,7
DA:28,1
DA:33,7
DA:35,7
DA:37,0
DA:41,7
DA:48,0
LF:14
LH:9
BRDA:45,0,0,7
BRDA:45,0,1,0
BRDA:47,1,0,0
BRDA:47,1,1,7
BRF:4
BRH:2
end_of_record
TN:
SF:src\Components\Main\CardProductsByQuery\CardProductByQuery.jsx
FN:23,(anonymous_0)
FN:30,(anonymous_1)
FN:37,(anonymous_2)
FN:115,(anonymous_3)
FNF:4
FNH:1
FNDA:5,(anonymous_0)
FNDA:0,(anonymous_1)
FNDA:0,(anonymous_2)
FNDA:0,(anonymous_3)
DA:23,3
DA:24,5
DA:25,4
DA:27,4
DA:28,0
DA:30,0
DA:32,0
DA:33,0
DA:37,0
DA:38,0
DA:39,0
DA:40,0
DA:42,0
DA:44,0
DA:51,0
DA:115,0
LF:16
LH:4
BRDA:33,0,0,0
BRDA:33,0,1,0
BRDA:39,1,0,0
BRDA:39,1,1,0
BRDA:42,2,0,0
BRDA:42,2,1,0
BRDA:55,3,0,0
BRDA:55,3,1,0
BRDA:110,4,0,0
BRDA:110,4,1,0
BRDA:117,5,0,0
BRDA:117,5,1,0
BRF:12
BRH:0
end_of_record
TN:
SF:src\Components\Main\CardRecomendation\CardRecomendation.jsx
FN:23,CardList
FN:33,(anonymous_1)
FN:37,(anonymous_2)
FN:94,(anonymous_3)
FNF:4
FNH:1
FNDA:5,CardList
FNDA:0,(anonymous_1)
FNDA:0,(anonymous_2)
FNDA:0,(anonymous_3)
DA:24,5
DA:25,4
DA:26,4
DA:32,0
DA:33,0
DA:34,0
DA:37,0
DA:38,0
DA:39,0
DA:42,0
DA:43,0
DA:94,0
LF:12
LH:3
BRDA:39,0,0,0
BRDA:39,0,1,0
BRDA:48,1,0,0
BRDA:48,1,1,0
BRDA:89,2,0,0
BRDA:89,2,1,0
BRDA:96,3,0,0
BRDA:96,3,1,0
BRF:8
BRH:0
end_of_record
TN:
SF:src\Components\Main\CardRecomendation\Pagination.jsx
FN:3,Pagination
FN:7,(anonymous_1)
FN:12,(anonymous_2)
FN:18,(anonymous_3)
FN:34,(anonymous_4)
FNF:5
FNH:1
FNDA:3,Pagination
FNDA:0,(anonymous_1)
FNDA:0,(anonymous_2)
FNDA:0,(anonymous_3)
FNDA:0,(anonymous_4)
DA:5,3
DA:7,3
DA:8,0
DA:9,0
DA:12,3
DA:13,0
DA:14,0
DA:18,3
DA:19,0
DA:20,0
DA:21,0
DA:26,0
DA:27,0
DA:29,0
DA:34,3
DA:35,0
DA:38,3
LF:17
LH:6
BRDA:19,0,0,0
BRDA:19,0,1,0
BRDA:21,1,0,0
BRDA:21,1,1,0
BRDA:22,2,0,0
BRDA:22,2,1,0
BRDA:22,2,2,0
BRDA:40,3,0,3
BRDA:40,3,1,1
BRDA:62,4,0,3
BRDA:62,4,1,3
BRF:11
BRH:4
end_of_record
TN:
SF:src\Components\Main\MainByQuery\MainByQuery.jsx
FN:12,(anonymous_0)
FNF:1
FNH:1
FNDA:6,(anonymous_0)
DA:12,2
DA:13,6
DA:16,4
LF:3
LH:3
BRF:0
BRH:0
end_of_record
TN:
SF:src\Components\Main\RatingCard\RatingCard.jsx
FN:6,(anonymous_0)
FN:17,(anonymous_1)
FN:23,(anonymous_2)
FN:24,(anonymous_3)
FN:27,(anonymous_4)
FN:29,(anonymous_5)
FN:51,(anonymous_6)
FN:58,(anonymous_7)
FN:96,(anonymous_8)
FNF:9
FNH:1
FNDA:5,(anonymous_0)
FNDA:0,(anonymous_1)
FNDA:0,(anonymous_2)
FNDA:0,(anonymous_3)
FNDA:0,(anonymous_4)
FNDA:0,(anonymous_5)
FNDA:0,(anonymous_6)
FNDA:0,(anonymous_7)
FNDA:0,(anonymous_8)
DA:6,9
DA:7,5
DA:8,4
DA:9,4
DA:10,4
DA:11,4
DA:12,4
DA:14,4
DA:15,4
DA:17,4
DA:18,0
DA:22,0
DA:23,0
DA:26,0
DA:27,0
DA:29,4
DA:31,0
DA:32,0
DA:34,0
DA:35,0
DA:37,0
DA:38,0
DA:40,0
DA:41,0
DA:43,0
DA:44,0
DA:46,0
DA:47,0
DA:51,4
DA:52,0
DA:53,0
DA:58,4
DA:59,0
DA:60,0
DA:96,4
DA:97,4
DA:128,4
LF:37
LH:16
BRDA:31,0,0,0
BRDA:31,0,1,0
BRDA:34,1,0,0
BRDA:34,1,1,0
BRDA:34,2,0,0
BRDA:34,2,1,0
BRDA:37,3,0,0
BRDA:37,3,1,0
BRDA:37,4,0,0
BRDA:37,4,1,0
BRDA:40,5,0,0
BRDA:40,5,1,0
BRDA:40,6,0,0
BRDA:40,6,1,0
BRDA:43,7,0,0
BRDA:43,7,1,0
BRDA:43,8,0,0
BRDA:43,8,1,0
BRDA:46,9,0,0
BRDA:46,9,1,0
BRDA:52,10,0,0
BRDA:52,10,1,0
BRDA:59,11,0,0
BRDA:59,11,1,0
BRDA:96,12,0,4
BRDA:96,12,1,0
BRDA:97,13,0,4
BRDA:97,13,1,0
BRF:28
BRH:2
end_of_record
TN:
SF:src\Components\MenuHamburguer\MenuClose.jsx
FN:11,MenuClose
FN:14,(anonymous_1)
FN:23,(anonymous_2)
FNF:3
FNH:1
FNDA:1,MenuClose
FNDA:0,(anonymous_1)
FNDA:0,(anonymous_2)
DA:14,1
DA:15,0
DA:24,0
DA:25,0
DA:31,0
DA:32,0
DA:35,0
DA:37,0
DA:38,0
DA:45,1
LF:10
LH:2
BRDA:24,0,0,0
BRDA:24,0,1,0
BRF:2
BRH:0
end_of_record
TN:
SF:src\Components\MenuHamburguer\MenuCreateAccount.jsx
FN:9,MenuCreateAccount
FNF:1
FNH:1
FNDA:3,MenuCreateAccount
DA:10,3
LF:1
LH:1
BRF:0
BRH:0
end_of_record
TN:
SF:src\Components\MenuHamburguer\MenuHamburguer.jsx
FN:6,MenuHamburguer
FNF:1
FNH:1
FNDA:1,MenuHamburguer
DA:7,1
LF:1
LH:1
BRF:0
BRH:0
end_of_record
TN:
SF:src\Components\Product\AceptDates.jsx
FN:8,AceptDates
FN:14,(anonymous_1)
FNF:2
FNH:1
FNDA:8,AceptDates
FNDA:0,(anonymous_1)
DA:10,8
DA:11,8
DA:14,0
DA:15,0
DA:16,0
DA:17,0
DA:20,0
DA:21,0
DA:22,0
DA:26,0
LF:10
LH:2
BRDA:15,0,0,0
BRDA:15,0,1,0
BRF:2
BRH:0
end_of_record
TN:
SF:src\Components\Product\Dates.jsx
FN:9,Dates
FN:34,(anonymous_1)
FN:46,(anonymous_2)
FN:48,(anonymous_3)
FN:50,(anonymous_4)
FN:53,(anonymous_5)
FN:93,(anonymous_6)
FN:126,(anonymous_7)
FN:144,(anonymous_8)
FN:148,(anonymous_9)
FN:152,(anonymous_10)
FN:161,(anonymous_11)
FN:170,(anonymous_12)
FN:173,(anonymous_13)
FN:198,(anonymous_14)
FN:208,(anonymous_15)
FNF:16
FNH:1
FNDA:18,Dates
FNDA:0,(anonymous_1)
FNDA:0,(anonymous_2)
FNDA:0,(anonymous_3)
FNDA:0,(anonymous_4)
FNDA:0,(anonymous_5)
FNDA:0,(anonymous_6)
FNDA:0,(anonymous_7)
FNDA:0,(anonymous_8)
FNDA:0,(anonymous_9)
FNDA:0,(anonymous_10)
FNDA:0,(anonymous_11)
FNDA:0,(anonymous_12)
FNDA:0,(anonymous_13)
FNDA:0,(anonymous_14)
FNDA:0,(anonymous_15)
DA:10,18
DA:11,16
DA:12,16
DA:13,16
DA:14,16
DA:15,16
DA:23,16
DA:24,0
DA:26,0
DA:28,0
DA:30,0
DA:31,0
DA:33,0
DA:35,0
DA:36,0
DA:37,0
DA:38,0
DA:40,0
DA:41,0
DA:42,0
DA:44,0
DA:46,0
DA:48,0
DA:49,0
DA:50,0
DA:53,0
DA:54,0
DA:55,0
DA:56,0
DA:57,0
DA:58,0
DA:60,0
DA:67,0
DA:68,0
DA:75,0
DA:76,0
DA:77,0
DA:78,0
DA:79,0
DA:80,0
DA:81,0
DA:83,0
DA:85,0
DA:86,0
DA:87,0
DA:89,0
DA:92,0
DA:93,0
DA:94,0
DA:98,0
DA:99,0
DA:100,0
DA:101,0
DA:102,0
DA:103,0
DA:104,0
DA:105,0
DA:107,0
DA:108,0
DA:109,0
DA:110,0
DA:111,0
DA:123,0
DA:126,0
DA:127,0
DA:128,0
DA:129,0
DA:130,0
DA:131,0
DA:132,0
DA:133,0
DA:134,0
DA:135,0
DA:136,0
DA:137,0
DA:138,0
DA:139,0
DA:144,0
DA:145,0
DA:148,0
DA:149,0
DA:152,0
DA:153,0
DA:154,0
DA:155,0
DA:156,0
DA:158,0
DA:161,0
DA:162,0
DA:163,0
DA:164,0
DA:165,0
DA:166,0
DA:170,0
DA:171,0
DA:173,0
DA:174,0
DA:177,0
DA:200,0
DA:204,0
DA:205,0
DA:209,0
LF:102
LH:7
BRDA:24,0,0,0
BRDA:24,0,1,0
BRDA:26,1,0,0
BRDA:26,1,1,0
BRDA:28,2,0,0
BRDA:28,2,1,0
BRDA:33,3,0,0
BRDA:33,3,1,0
BRDA:40,4,0,0
BRDA:40,4,1,0
BRDA:41,5,0,0
BRDA:41,5,1,0
BRDA:57,6,0,0
BRDA:57,6,1,0
BRDA:60,7,0,0
BRDA:60,7,1,0
BRDA:62,8,0,0
BRDA:62,8,1,0
BRDA:62,8,2,0
BRDA:68,9,0,0
BRDA:68,9,1,0
BRDA:70,10,0,0
BRDA:70,10,1,0
BRDA:70,10,2,0
BRDA:77,11,0,0
BRDA:77,11,1,0
BRDA:78,12,0,0
BRDA:78,12,1,0
BRDA:79,13,0,0
BRDA:79,13,1,0
BRDA:85,14,0,0
BRDA:85,14,1,0
BRDA:92,15,0,0
BRDA:92,15,1,0
BRDA:94,16,0,0
BRDA:94,16,1,0
BRDA:95,17,0,0
BRDA:95,17,1,0
BRDA:129,18,0,0
BRDA:129,18,1,0
BRDA:141,19,0,0
BRDA:141,19,1,0
BRDA:153,20,0,0
BRDA:153,20,1,0
BRDA:162,21,0,0
BRDA:162,21,1,0
BRDA:181,22,0,0
BRDA:181,22,1,0
BRDA:181,23,0,0
BRDA:181,23,1,0
BRDA:196,24,0,0
BRDA:196,24,1,0
BRDA:200,25,0,0
BRDA:200,25,1,0
BRDA:200,25,2,0
BRDA:204,26,0,0
BRDA:204,26,1,0
BRF:57
BRH:0
end_of_record
TN:
SF:src\Components\Product\DescriptionBlock.jsx
FN:4,DescriptionBlock
FNF:1
FNH:1
FNDA:6,DescriptionBlock
DA:7,6
LF:1
LH:1
BRDA:9,0,0,6
BRDA:9,0,1,4
BRF:2
BRH:2
end_of_record
TN:
SF:src\Components\Product\FeatureBlock.jsx
FN:6,FeatureBlock
FNF:1
FNH:1
FNDA:3,FeatureBlock
DA:8,3
DA:10,3
LF:2
LH:2
BRDA:8,0,0,3
BRDA:8,0,1,0
BRF:2
BRH:1
end_of_record
TN:
SF:src\Components\Product\FeatureListProduct.jsx
FN:15,FeatureListProduct
FN:23,(anonymous_1)
FNF:2
FNH:1
FNDA:4,FeatureListProduct
FNDA:0,(anonymous_1)
DA:17,4
DA:20,4
DA:24,0
DA:26,0
DA:34,0
DA:37,0
DA:45,0
DA:48,0
DA:55,0
DA:58,0
DA:65,0
DA:68,0
DA:75,0
DA:78,0
DA:85,0
DA:88,0
DA:95,0
DA:98,0
DA:105,0
DA:108,0
DA:115,0
DA:118,0
DA:125,0
DA:128,0
DA:135,0
DA:138,0
DA:145,0
DA:148,0
DA:155,0
DA:158,0
DA:165,0
DA:168,0
DA:176,0
DA:179,0
DA:186,0
DA:189,0
DA:196,0
DA:199,0
DA:206,0
DA:209,0
DA:216,0
DA:219,0
DA:226,0
LF:43
LH:2
BRDA:17,0,0,4
BRDA:17,0,1,0
BRDA:23,1,0,4
BRDA:23,1,1,0
BRDA:24,2,0,0
BRDA:24,2,1,0
BRDA:24,2,2,0
BRDA:24,2,3,0
BRDA:24,2,4,0
BRDA:24,2,5,0
BRDA:24,2,6,0
BRDA:24,2,7,0
BRDA:24,2,8,0
BRDA:24,2,9,0
BRDA:24,2,10,0
BRDA:24,2,11,0
BRDA:24,2,12,0
BRDA:24,2,13,0
BRDA:24,2,14,0
BRDA:24,2,15,0
BRDA:24,2,16,0
BRDA:24,2,17,0
BRDA:24,2,18,0
BRDA:24,2,19,0
BRF:24
BRH:2
end_of_record
TN:
SF:src\Components\Product\HeaderBlock.jsx
FN:7,HeaderBlock
FNF:1
FNH:1
FNDA:12,HeaderBlock
DA:9,12
LF:1
LH:1
BRDA:12,0,0,8
BRDA:12,0,1,4
BRF:2
BRH:2
end_of_record
TN:
SF:src\Components\Product\Place.jsx
FN:5,Place
FNF:1
FNH:1
FNDA:10,Place
DA:8,10
LF:1
LH:1
BRDA:11,0,0,8
BRDA:11,0,1,2
BRF:2
BRH:2
end_of_record
TN:
SF:src\Components\Product\PolicyBlock.jsx
FN:4,PolicyBlock
FNF:1
FNH:1
FNDA:5,PolicyBlock
DA:5,5
LF:1
LH:1
BRF:0
BRH:0
end_of_record
TN:
SF:src\Components\Product\ProductMain.jsx
FN:14,ProductMain
FN:21,(anonymous_1)
FN:28,(anonymous_2)
FN:29,(anonymous_3)
FN:34,(anonymous_4)
FNF:5
FNH:1
FNDA:3,ProductMain
FNDA:0,(anonymous_1)
FNDA:0,(anonymous_2)
FNDA:0,(anonymous_3)
FNDA:0,(anonymous_4)
DA:15,3
DA:19,2
DA:21,2
DA:22,0
DA:27,0
DA:28,0
DA:30,0
DA:31,0
DA:34,0
DA:41,2
LF:10
LH:4
BRF:0
BRH:0
end_of_record
TN:
SF:src\Components\Product\Ratings.jsx
FN:9,Ratings
FN:21,(anonymous_1)
FN:27,(anonymous_2)
FN:28,(anonymous_3)
FN:31,(anonymous_4)
FN:33,(anonymous_5)
FN:68,(anonymous_6)
FN:90,(anonymous_7)
FN:123,(anonymous_8)
FNF:9
FNH:4
FNDA:5,Ratings
FNDA:1,(anonymous_1)
FNDA:0,(anonymous_2)
FNDA:0,(anonymous_3)
FNDA:0,(anonymous_4)
FNDA:1,(anonymous_5)
FNDA:0,(anonymous_6)
FNDA:0,(anonymous_7)
FNDA:1,(anonymous_8)
DA:10,5
DA:11,5
DA:12,5
DA:13,5
DA:14,5
DA:15,5
DA:16,5
DA:18,5
DA:19,5
DA:21,5
DA:22,1
DA:26,1
DA:27,0
DA:30,0
DA:31,0
DA:33,5
DA:34,1
DA:35,1
DA:68,5
DA:70,0
DA:71,0
DA:73,0
DA:74,0
DA:76,0
DA:77,0
DA:79,0
DA:80,0
DA:82,0
DA:83,0
DA:85,0
DA:86,0
DA:90,5
DA:91,5
DA:123,5
DA:124,1
DA:125,0
DA:129,5
LF:37
LH:21
BRDA:34,0,0,1
BRDA:34,0,1,0
BRDA:70,1,0,0
BRDA:70,1,1,0
BRDA:73,2,0,0
BRDA:73,2,1,0
BRDA:73,3,0,0
BRDA:73,3,1,0
BRDA:76,4,0,0
BRDA:76,4,1,0
BRDA:76,5,0,0
BRDA:76,5,1,0
BRDA:79,6,0,0
BRDA:79,6,1,0
BRDA:79,7,0,0
BRDA:79,7,1,0
BRDA:82,8,0,0
BRDA:82,8,1,0
BRDA:82,9,0,0
BRDA:82,9,1,0
BRDA:85,10,0,0
BRDA:85,10,1,0
BRDA:90,11,0,5
BRDA:90,11,1,0
BRDA:91,12,0,5
BRDA:91,12,1,0
BRDA:124,13,0,0
BRDA:124,13,1,1
BRF:28
BRH:4
end_of_record
TN:
SF:src\Components\Product\Ubication.jsx
FN:6,Ubication
FNF:1
FNH:1
FNDA:4,Ubication
DA:7,4
LF:1
LH:1
BRF:0
BRH:0
end_of_record
TN:
SF:src\Components\Product\maps\Maps.jsx
FN:6,Maps
FNF:1
FNH:1
FNDA:2,Maps
DA:12,2
LF:1
LH:1
BRDA:14,0,0,2
BRDA:14,0,1,2
BRDA:14,0,2,0
BRDA:21,1,0,2
BRDA:21,1,1,0
BRDA:28,2,0,2
BRDA:28,2,1,2
BRDA:28,2,2,0
BRF:8
BRH:5
end_of_record
TN:
SF:src\Components\Product\maps\MapsBlock.jsx
FN:8,MapsBlock
FNF:1
FNH:1
FNDA:2,MapsBlock
DA:9,2
DA:11,2
LF:2
LH:2
BRF:0
BRH:0
end_of_record
